2025-07-27 14:51:04 info: =================================
2025-07-27 14:51:04 info: ======= ENV: development =======
2025-07-27 14:51:04 info: 🚀 App listening on the port 3000
2025-07-27 14:51:04 info: =================================
2025-07-27 14:51:53 info: [0mPOST /auth/login [32m200[0m 181.667 ms - 278[0m
2025-07-27 14:51:54 info: [0mGET /users?search=&page=1&limit=5 [32m200[0m 110.054 ms - -[0m
2025-07-27 14:51:57 info: [0mGET /projects?search=&page=1&limit=5 [32m200[0m 167.146 ms - -[0m
2025-07-27 14:52:00 info: [0mGET /projects/68676e1f022edd14c03f91ae [32m200[0m 127.231 ms - -[0m
2025-07-27 14:52:00 info: [0mGET /projects/68676e1f022edd14c03f91ae/report [32m200[0m 30.299 ms - -[0m
2025-07-27 20:14:50 info: =================================
2025-07-27 20:14:50 info: ======= ENV: development =======
2025-07-27 20:14:50 info: 🚀 App listening on the port 3000
2025-07-27 20:14:50 info: =================================
2025-07-27 20:17:13 info: [0mPOST /auth/login [32m200[0m 137.809 ms - 278[0m
2025-07-27 20:17:14 info: [0mGET /users?search=&page=1&limit=5 [36m304[0m 44.270 ms - -[0m
2025-07-27 20:17:22 info: [0mGET /projects?search=&page=1&limit=5 [36m304[0m 187.651 ms - -[0m
2025-07-27 20:17:25 info: [0mGET /projects/68676e1f022edd14c03f91ae [36m304[0m 71.624 ms - -[0m
2025-07-27 20:17:25 info: [0mGET /projects/68676e1f022edd14c03f91ae/report [36m304[0m 36.032 ms - -[0m
2025-07-27 20:58:18 info: =================================
2025-07-27 20:58:18 info: ======= ENV: development =======
2025-07-27 20:58:18 info: 🚀 App listening on the port 3000
2025-07-27 20:58:18 info: =================================
2025-07-27 20:58:32 info: =================================
2025-07-27 20:58:32 info: ======= ENV: development =======
2025-07-27 20:58:32 info: 🚀 App listening on the port 3000
2025-07-27 20:58:32 info: =================================
2025-07-27 20:59:12 info: =================================
2025-07-27 20:59:12 info: ======= ENV: development =======
2025-07-27 20:59:12 info: 🚀 App listening on the port 3000
2025-07-27 20:59:12 info: =================================
2025-07-27 20:59:18 info: =================================
2025-07-27 20:59:18 info: ======= ENV: development =======
2025-07-27 20:59:18 info: 🚀 App listening on the port 3000
2025-07-27 20:59:18 info: =================================
2025-07-27 21:03:25 info: =================================
2025-07-27 21:03:25 info: ======= ENV: development =======
2025-07-27 21:03:25 info: 🚀 App listening on the port 3000
2025-07-27 21:03:25 info: =================================
2025-07-27 21:05:49 info: =================================
2025-07-27 21:05:49 info: ======= ENV: development =======
2025-07-27 21:05:49 info: 🚀 App listening on the port 3000
2025-07-27 21:05:49 info: =================================
2025-07-27 21:07:35 info: [0mGET /projects/68676e1f022edd14c03f91ae/report [32m200[0m 113.178 ms - -[0m
2025-07-27 21:07:35 info: [0mGET /projects/68676e1f022edd14c03f91ae/report [36m304[0m 34.123 ms - -[0m
2025-07-27 21:08:02 info: [0mGET /projects/68676e1f022edd14c03f91ae [36m304[0m 86.950 ms - -[0m
2025-07-27 21:08:02 info: [0mGET /projects/68676e1f022edd14c03f91ae/report [36m304[0m 14.474 ms - -[0m
2025-07-27 21:08:34 info: [0mGET /projects/68676e1f022edd14c03f91ae [36m304[0m 62.994 ms - -[0m
2025-07-27 21:08:34 info: [0mGET /projects/68676e1f022edd14c03f91ae/report [36m304[0m 23.843 ms - -[0m
2025-07-27 21:10:27 info: [0mGET /projects/68676e1f022edd14c03f91ae [36m304[0m 47.402 ms - -[0m
2025-07-27 21:10:28 info: [0mGET /projects/68676e1f022edd14c03f91ae/report [36m304[0m 27.552 ms - -[0m
2025-07-27 21:13:06 info: [0mPOST /projects/68676e1f022edd14c03f91ae/perforation [32m201[0m 140.039 ms - 828[0m
2025-07-27 21:13:06 info: [0mGET /projects/68676e1f022edd14c03f91ae [32m200[0m 36.620 ms - -[0m
2025-07-27 21:13:14 info: [0mGET /projects/68676e1f022edd14c03f91ae [36m304[0m 49.293 ms - -[0m
2025-07-27 21:13:14 info: [0mGET /projects/68676e1f022edd14c03f91ae/report [32m200[0m 14.919 ms - -[0m
2025-07-27 21:15:47 info: =================================
2025-07-27 21:15:47 info: ======= ENV: development =======
2025-07-27 21:15:47 info: 🚀 App listening on the port 3000
2025-07-27 21:15:47 info: =================================
2025-07-27 21:15:53 info: [0mGET /projects/68676e1f022edd14c03f91ae [36m304[0m 167.899 ms - -[0m
2025-07-27 21:15:53 info: [0mGET /projects/68676e1f022edd14c03f91ae/report [36m304[0m 102.296 ms - -[0m
2025-07-27 21:16:40 info: =================================
2025-07-27 21:16:40 info: ======= ENV: development =======
2025-07-27 21:16:40 info: 🚀 App listening on the port 3000
2025-07-27 21:16:40 info: =================================
2025-07-27 21:16:44 info: [0mGET /projects/68676e1f022edd14c03f91ae/report [36m304[0m 90.741 ms - -[0m
2025-07-27 21:17:52 info: =================================
2025-07-27 21:17:52 info: ======= ENV: development =======
2025-07-27 21:17:52 info: 🚀 App listening on the port 3000
2025-07-27 21:17:52 info: =================================
2025-07-27 21:17:55 error: [GET] /projects/68676e1f022edd14c03f91ae/report >> StatusCode:: 401, Message:: Wrong authentication token
2025-07-27 21:17:55 info: [0mGET /projects/68676e1f022edd14c03f91ae/report [33m401[0m 31.644 ms - 40[0m
2025-07-27 21:18:04 error: [GET] /projects/68676e1f022edd14c03f91ae >> StatusCode:: 401, Message:: Wrong authentication token
2025-07-27 21:18:04 info: [0mGET /projects/68676e1f022edd14c03f91ae [33m401[0m 35.029 ms - 40[0m
2025-07-27 21:18:23 info: [0mPOST /auth/login [32m200[0m 201.423 ms - 278[0m
2025-07-27 21:18:23 info: [0mGET /users?search=&page=1&limit=5 [36m304[0m 36.271 ms - -[0m
2025-07-27 21:18:25 info: [0mGET /projects?search=&page=1&limit=5 [32m200[0m 193.060 ms - -[0m
2025-07-27 21:18:29 info: [0mGET /projects/68676e1f022edd14c03f91ae [36m304[0m 63.534 ms - -[0m
2025-07-27 21:18:30 info: [0mGET /projects/68676e1f022edd14c03f91ae/report [32m200[0m 254.403 ms - -[0m
2025-07-27 21:21:24 info: =================================
2025-07-27 21:21:24 info: ======= ENV: development =======
2025-07-27 21:21:24 info: 🚀 App listening on the port 3000
2025-07-27 21:21:24 info: =================================
2025-07-27 21:21:33 info: =================================
2025-07-27 21:21:33 info: ======= ENV: development =======
2025-07-27 21:21:33 info: 🚀 App listening on the port 3000
2025-07-27 21:21:33 info: =================================
2025-07-27 21:21:40 info: [0mGET /projects/68676e1f022edd14c03f91ae/report [32m200[0m 137.153 ms - -[0m
2025-07-27 21:22:09 info: =================================
2025-07-27 21:22:09 info: ======= ENV: development =======
2025-07-27 21:22:09 info: 🚀 App listening on the port 3000
2025-07-27 21:22:09 info: =================================
2025-07-27 21:22:14 info: [0mGET /projects/68676e1f022edd14c03f91ae/report [32m200[0m 103.913 ms - -[0m
2025-07-27 21:22:30 info: [0mGET /projects/68676e1f022edd14c03f91ae [36m304[0m 103.325 ms - -[0m
2025-07-27 21:22:30 info: [0mGET /projects/68676e1f022edd14c03f91ae/report [36m304[0m 32.803 ms - -[0m
2025-07-27 21:22:57 info: =================================
2025-07-27 21:22:57 info: ======= ENV: development =======
2025-07-27 21:22:57 info: 🚀 App listening on the port 3000
2025-07-27 21:22:57 info: =================================
2025-07-27 21:23:01 info: [0mGET /projects/68676e1f022edd14c03f91ae/report [32m200[0m 96.757 ms - -[0m
2025-07-27 21:23:12 info: [0mGET /projects/68676e1f022edd14c03f91ae [36m304[0m 73.112 ms - -[0m
2025-07-27 21:23:13 info: [0mGET /projects/68676e1f022edd14c03f91ae/report [36m304[0m 42.622 ms - -[0m
2025-07-27 21:24:32 info: =================================
2025-07-27 21:24:32 info: ======= ENV: development =======
2025-07-27 21:24:32 info: 🚀 App listening on the port 3000
2025-07-27 21:24:32 info: =================================
2025-07-27 21:24:40 info: [0mGET /projects/68676e1f022edd14c03f91ae [36m304[0m 104.335 ms - -[0m
2025-07-27 21:24:40 info: [0mGET /projects/68676e1f022edd14c03f91ae/report [32m200[0m 74.094 ms - -[0m
2025-07-27 21:25:51 info: =================================
2025-07-27 21:25:51 info: ======= ENV: development =======
2025-07-27 21:25:51 info: 🚀 App listening on the port 3000
2025-07-27 21:25:51 info: =================================
2025-07-27 21:28:42 info: =================================
2025-07-27 21:28:42 info: ======= ENV: development =======
2025-07-27 21:28:42 info: 🚀 App listening on the port 3000
2025-07-27 21:28:42 info: =================================
2025-07-27 21:42:49 info: =================================
2025-07-27 21:42:49 info: ======= ENV: development =======
2025-07-27 21:42:49 info: 🚀 App listening on the port 3000
2025-07-27 21:42:49 info: =================================
2025-07-27 21:44:08 info: [0mGET /projects/68676e1f022edd14c03f91ae/report [32m200[0m 80.757 ms - -[0m
2025-07-27 21:45:05 info: [0mGET /projects/68676e1f022edd14c03f91ae [36m304[0m 136.944 ms - -[0m
2025-07-27 21:45:05 info: [0mGET /projects/68676e1f022edd14c03f91ae/report [36m304[0m 16.894 ms - -[0m
2025-07-27 21:46:35 info: [0mPOST /projects/68676e1f022edd14c03f91ae/perforation [32m201[0m 154.758 ms - 832[0m
2025-07-27 21:46:35 info: [0mGET /projects/68676e1f022edd14c03f91ae [32m200[0m 48.995 ms - -[0m
2025-07-27 21:46:42 info: [0mGET /projects/68676e1f022edd14c03f91ae [36m304[0m 55.547 ms - -[0m
2025-07-27 21:46:43 info: [0mGET /projects/68676e1f022edd14c03f91ae/report [32m200[0m 30.450 ms - -[0m
2025-07-27 21:52:05 info: =================================
2025-07-27 21:52:05 info: ======= ENV: development =======
2025-07-27 21:52:05 info: 🚀 App listening on the port 3000
2025-07-27 21:52:05 info: =================================
2025-07-27 21:53:21 info: [0mGET /projects/68676e1f022edd14c03f91ae/report [32m200[0m 189.896 ms - -[0m
2025-07-27 21:59:03 info: =================================
2025-07-27 21:59:03 info: ======= ENV: development =======
2025-07-27 21:59:03 info: 🚀 App listening on the port 3000
2025-07-27 21:59:03 info: =================================
2025-07-27 21:59:26 info: =================================
2025-07-27 21:59:26 info: ======= ENV: development =======
2025-07-27 21:59:26 info: 🚀 App listening on the port 3000
2025-07-27 21:59:26 info: =================================
2025-07-27 22:00:03 info: =================================
2025-07-27 22:00:03 info: ======= ENV: development =======
2025-07-27 22:00:03 info: 🚀 App listening on the port 3000
2025-07-27 22:00:03 info: =================================
2025-07-27 22:00:03 info: [0mGET /projects/68676e1f022edd14c03f91ae [36m304[0m 83.424 ms - -[0m
2025-07-27 22:00:03 info: [0mGET /projects/68676e1f022edd14c03f91ae/report [32m200[0m 26.599 ms - -[0m
