2025-07-12 09:32:27 info: =================================
2025-07-12 09:32:27 info: ======= ENV: development =======
2025-07-12 09:32:27 info: 🚀 App listening on the port 3000
2025-07-12 09:32:27 info: =================================
2025-07-12 09:32:46 error: [POST] /auth/login >> StatusCode:: 409, Message:: Password is not matching
2025-07-12 09:32:46 info: [0mPOST /auth/login [33m409[0m 371.394 ms - 38[0m
2025-07-12 09:32:55 info: [0mPOST /auth/login [32m200[0m 89.663 ms - 278[0m
2025-07-12 09:32:56 info: [0mGET /users?search=&page=1&limit=5 [36m304[0m 106.132 ms - -[0m
2025-07-12 09:33:55 info: [0mGET /projects?search=&page=1&limit=5 [36m304[0m 64.253 ms - -[0m
2025-07-12 09:34:23 info: [0mGET /projects/686b051761972b2cc9c3dfd2 [32m200[0m 19.132 ms - 317[0m
2025-07-12 10:06:48 info: =================================
2025-07-12 10:06:48 info: ======= ENV: development =======
2025-07-12 10:06:48 info: 🚀 App listening on the port 3000
2025-07-12 10:06:48 info: =================================
2025-07-12 10:07:20 info: =================================
2025-07-12 10:07:20 info: ======= ENV: development =======
2025-07-12 10:07:20 info: 🚀 App listening on the port 3000
2025-07-12 10:07:20 info: =================================
2025-07-12 10:07:25 info: =================================
2025-07-12 10:07:25 info: ======= ENV: development =======
2025-07-12 10:07:25 info: 🚀 App listening on the port 3000
2025-07-12 10:07:25 info: =================================
2025-07-12 10:08:39 info: =================================
2025-07-12 10:08:39 info: ======= ENV: development =======
2025-07-12 10:08:39 info: 🚀 App listening on the port 3000
2025-07-12 10:08:39 info: =================================
2025-07-12 10:09:27 info: =================================
2025-07-12 10:09:27 info: ======= ENV: development =======
2025-07-12 10:09:27 info: 🚀 App listening on the port 3000
2025-07-12 10:09:27 info: =================================
2025-07-12 10:25:10 info: =================================
2025-07-12 10:25:10 info: ======= ENV: development =======
2025-07-12 10:25:10 info: 🚀 App listening on the port 3000
2025-07-12 10:25:10 info: =================================
2025-07-12 10:25:48 info: =================================
2025-07-12 10:25:48 info: ======= ENV: development =======
2025-07-12 10:25:48 info: 🚀 App listening on the port 3000
2025-07-12 10:25:48 info: =================================
2025-07-12 10:26:30 info: =================================
2025-07-12 10:26:30 info: ======= ENV: development =======
2025-07-12 10:26:30 info: 🚀 App listening on the port 3000
2025-07-12 10:26:30 info: =================================
2025-07-12 10:27:00 info: =================================
2025-07-12 10:27:00 info: ======= ENV: development =======
2025-07-12 10:27:00 info: 🚀 App listening on the port 3000
2025-07-12 10:27:00 info: =================================
2025-07-12 10:28:21 info: =================================
2025-07-12 10:28:21 info: ======= ENV: development =======
2025-07-12 10:28:21 info: 🚀 App listening on the port 3000
2025-07-12 10:28:21 info: =================================
2025-07-12 10:29:13 info: =================================
2025-07-12 10:29:13 info: ======= ENV: development =======
2025-07-12 10:29:13 info: 🚀 App listening on the port 3000
2025-07-12 10:29:13 info: =================================
2025-07-12 10:29:36 info: =================================
2025-07-12 10:29:36 info: ======= ENV: development =======
2025-07-12 10:29:36 info: 🚀 App listening on the port 3000
2025-07-12 10:29:36 info: =================================
2025-07-12 10:29:49 info: =================================
2025-07-12 10:29:49 info: ======= ENV: development =======
2025-07-12 10:29:49 info: 🚀 App listening on the port 3000
2025-07-12 10:29:49 info: =================================
2025-07-12 10:52:37 info: =================================
2025-07-12 10:52:37 info: ======= ENV: development =======
2025-07-12 10:52:37 info: 🚀 App listening on the port 3000
2025-07-12 10:52:37 info: =================================
2025-07-12 10:52:43 error: [GET] /projects/686b051761972b2cc9c3dfd2 >> StatusCode:: 401, Message:: Wrong authentication token
2025-07-12 10:52:44 info: [0mGET /projects/686b051761972b2cc9c3dfd2 [33m401[0m 102.040 ms - 40[0m
2025-07-12 10:54:53 error: [GET] /projects/686b051761972b2cc9c3dfd2 >> StatusCode:: 401, Message:: Wrong authentication token
2025-07-12 10:54:53 info: [0mGET /projects/686b051761972b2cc9c3dfd2 [33m401[0m 40.150 ms - 40[0m
2025-07-12 10:56:58 error: [GET] /projects/686b051761972b2cc9c3dfd2 >> StatusCode:: 401, Message:: Wrong authentication token
2025-07-12 10:56:58 info: [0mGET /projects/686b051761972b2cc9c3dfd2 [33m401[0m 54.612 ms - 40[0m
2025-07-12 10:57:10 error: [GET] /projects/686b051761972b2cc9c3dfd2 >> StatusCode:: 401, Message:: Wrong authentication token
2025-07-12 10:57:10 info: [0mGET /projects/686b051761972b2cc9c3dfd2 [33m401[0m 35.185 ms - 40[0m
2025-07-12 10:57:32 info: [0mPOST /auth/login [32m200[0m 200.629 ms - 278[0m
2025-07-12 10:57:33 info: [0mGET /users?search=&page=1&limit=5 [36m304[0m 47.766 ms - -[0m
2025-07-12 10:57:37 info: [0mGET /projects?search=&page=1&limit=5 [32m200[0m 119.699 ms - -[0m
2025-07-12 10:57:40 info: [0mGET /projects/686b051761972b2cc9c3dfd2 [32m200[0m 27.588 ms - 456[0m
2025-07-12 11:02:05 info: =================================
2025-07-12 11:02:05 info: ======= ENV: development =======
2025-07-12 11:02:05 info: 🚀 App listening on the port 3000
2025-07-12 11:02:05 info: =================================
2025-07-12 11:02:10 info: [0mPOST /auth/login [32m200[0m 250.633 ms - 278[0m
2025-07-12 11:02:10 info: [0mGET /users?search=&page=1&limit=5 [36m304[0m 47.447 ms - -[0m
2025-07-12 11:02:18 info: [0mGET /projects?search=&page=1&limit=5 [36m304[0m 105.858 ms - -[0m
2025-07-12 11:02:20 info: [0mGET /projects/686b051761972b2cc9c3dfd2 [36m304[0m 21.447 ms - -[0m
2025-07-12 11:05:04 info: =================================
2025-07-12 11:05:04 info: ======= ENV: development =======
2025-07-12 11:05:04 info: 🚀 App listening on the port 3000
2025-07-12 11:05:04 info: =================================
2025-07-12 11:05:41 info: =================================
2025-07-12 11:05:41 info: ======= ENV: development =======
2025-07-12 11:05:41 info: 🚀 App listening on the port 3000
2025-07-12 11:05:41 info: =================================
2025-07-12 11:05:46 error: [POST] /projects/686b051761972b2cc9c3dfd2/static-data >> StatusCode:: 400, Message:: Validation error
2025-07-12 11:05:47 info: [0mPOST /projects/686b051761972b2cc9c3dfd2/static-data [33m400[0m 127.554 ms - 30[0m
2025-07-12 11:08:42 info: =================================
2025-07-12 11:08:42 info: ======= ENV: development =======
2025-07-12 11:08:42 info: 🚀 App listening on the port 3000
2025-07-12 11:08:42 info: =================================
2025-07-12 11:09:39 info: [0mPOST /projects/686b051761972b2cc9c3dfd2/static-data [32m201[0m 275.643 ms - 530[0m
2025-07-12 11:09:44 info: [0mGET /projects/686b051761972b2cc9c3dfd2 [32m200[0m 43.825 ms - 808[0m
2025-07-12 13:21:23 info: =================================
2025-07-12 13:21:23 info: ======= ENV: development =======
2025-07-12 13:21:23 info: 🚀 App listening on the port 3000
2025-07-12 13:21:23 info: =================================
2025-07-12 13:23:30 info: =================================
2025-07-12 13:23:30 info: ======= ENV: development =======
2025-07-12 13:23:30 info: 🚀 App listening on the port 3000
2025-07-12 13:23:30 info: =================================
2025-07-12 13:25:09 info: =================================
2025-07-12 13:25:09 info: ======= ENV: development =======
2025-07-12 13:25:09 info: 🚀 App listening on the port 3000
2025-07-12 13:25:09 info: =================================
2025-07-12 13:25:15 info: =================================
2025-07-12 13:25:15 info: ======= ENV: development =======
2025-07-12 13:25:15 info: 🚀 App listening on the port 3000
2025-07-12 13:25:15 info: =================================
2025-07-12 13:30:28 info: =================================
2025-07-12 13:30:28 info: ======= ENV: development =======
2025-07-12 13:30:28 info: 🚀 App listening on the port 3000
2025-07-12 13:30:28 info: =================================
2025-07-12 13:31:19 info: =================================
2025-07-12 13:31:19 info: ======= ENV: development =======
2025-07-12 13:31:19 info: 🚀 App listening on the port 3000
2025-07-12 13:31:19 info: =================================
2025-07-12 13:54:33 info: =================================
2025-07-12 13:54:33 info: ======= ENV: development =======
2025-07-12 13:54:33 info: 🚀 App listening on the port 3000
2025-07-12 13:54:33 info: =================================
2025-07-12 14:09:54 info: =================================
2025-07-12 14:09:54 info: ======= ENV: development =======
2025-07-12 14:09:54 info: 🚀 App listening on the port 3000
2025-07-12 14:09:54 info: =================================
2025-07-12 14:12:17 info: =================================
2025-07-12 14:12:17 info: ======= ENV: development =======
2025-07-12 14:12:17 info: 🚀 App listening on the port 3000
2025-07-12 14:12:17 info: =================================
2025-07-12 14:12:28 info: =================================
2025-07-12 14:12:28 info: ======= ENV: development =======
2025-07-12 14:12:28 info: 🚀 App listening on the port 3000
2025-07-12 14:12:28 info: =================================
2025-07-12 14:13:38 info: =================================
2025-07-12 14:13:38 info: ======= ENV: development =======
2025-07-12 14:13:38 info: 🚀 App listening on the port 3000
2025-07-12 14:13:38 info: =================================
2025-07-12 14:13:58 info: =================================
2025-07-12 14:13:58 info: ======= ENV: development =======
2025-07-12 14:13:58 info: 🚀 App listening on the port 3000
2025-07-12 14:13:58 info: =================================
2025-07-12 14:18:05 info: =================================
2025-07-12 14:18:05 info: ======= ENV: development =======
2025-07-12 14:18:05 info: 🚀 App listening on the port 3000
2025-07-12 14:18:05 info: =================================
2025-07-12 14:36:17 info: =================================
2025-07-12 14:36:17 info: ======= ENV: development =======
2025-07-12 14:36:17 info: 🚀 App listening on the port 3000
2025-07-12 14:36:17 info: =================================
2025-07-12 14:36:41 info: =================================
2025-07-12 14:36:41 info: ======= ENV: development =======
2025-07-12 14:36:41 info: 🚀 App listening on the port 3000
2025-07-12 14:36:41 info: =================================
2025-07-12 14:37:23 info: =================================
2025-07-12 14:37:23 info: ======= ENV: development =======
2025-07-12 14:37:23 info: 🚀 App listening on the port 3000
2025-07-12 14:37:23 info: =================================
2025-07-12 14:39:03 info: =================================
2025-07-12 14:39:03 info: ======= ENV: development =======
2025-07-12 14:39:03 info: 🚀 App listening on the port 3000
2025-07-12 14:39:03 info: =================================
2025-07-12 14:39:10 info: =================================
2025-07-12 14:39:10 info: ======= ENV: development =======
2025-07-12 14:39:10 info: 🚀 App listening on the port 3000
2025-07-12 14:39:10 info: =================================
2025-07-12 14:44:19 info: =================================
2025-07-12 14:44:19 info: ======= ENV: development =======
2025-07-12 14:44:19 info: 🚀 App listening on the port 3000
2025-07-12 14:44:19 info: =================================
2025-07-12 14:46:52 info: =================================
2025-07-12 14:46:52 info: ======= ENV: development =======
2025-07-12 14:46:52 info: 🚀 App listening on the port 3000
2025-07-12 14:46:52 info: =================================
2025-07-12 14:47:31 info: =================================
2025-07-12 14:47:31 info: ======= ENV: development =======
2025-07-12 14:47:31 info: 🚀 App listening on the port 3000
2025-07-12 14:47:31 info: =================================
2025-07-12 14:49:18 info: =================================
2025-07-12 14:49:18 info: ======= ENV: development =======
2025-07-12 14:49:18 info: 🚀 App listening on the port 3000
2025-07-12 14:49:18 info: =================================
2025-07-12 14:50:29 info: =================================
2025-07-12 14:50:29 info: ======= ENV: development =======
2025-07-12 14:50:29 info: 🚀 App listening on the port 3000
2025-07-12 14:50:29 info: =================================
2025-07-12 14:50:38 info: =================================
2025-07-12 14:50:38 info: ======= ENV: development =======
2025-07-12 14:50:38 info: 🚀 App listening on the port 3000
2025-07-12 14:50:38 info: =================================
