2025-07-06 16:13:31 info: =================================
2025-07-06 16:13:31 info: ======= ENV: development =======
2025-07-06 16:13:31 info: 🚀 App listening on the port 3000
2025-07-06 16:13:31 info: =================================
2025-07-06 16:13:41 info: [0mPOST /auth/login [32m200[0m 167.341 ms - 278[0m
2025-07-06 16:13:42 info: [0mGET /users?search=&page=1&limit=5 [36m304[0m 59.153 ms - -[0m
2025-07-06 16:13:50 info: [0mGET /projects?search=&page=1&limit=5 [36m304[0m 52.867 ms - -[0m
2025-07-06 16:13:52 info: [0mGET /projects/68676e1f022edd14c03f91ae [36m304[0m 23.240 ms - -[0m
2025-07-06 16:16:14 info: [0mPOST /projects/68676e1f022edd14c03f91ae/perforation [32m201[0m 71.888 ms - 768[0m
2025-07-06 16:16:14 info: [0mGET /projects/68676e1f022edd14c03f91ae [32m200[0m 55.057 ms - -[0m
2025-07-06 16:21:51 info: [0mGET /projects/68676e1f022edd14c03f91ae [36m304[0m 21.936 ms - -[0m
2025-07-06 16:23:41 info: =================================
2025-07-06 16:23:41 info: ======= ENV: development =======
2025-07-06 16:23:41 info: 🚀 App listening on the port 3000
2025-07-06 16:23:41 info: =================================
2025-07-06 16:24:06 info: =================================
2025-07-06 16:24:06 info: ======= ENV: development =======
2025-07-06 16:24:06 info: 🚀 App listening on the port 3000
2025-07-06 16:24:06 info: =================================
2025-07-06 16:24:06 info: [0mGET /projects/68676e1f022edd14c03f91ae [32m200[0m 69.289 ms - -[0m
2025-07-06 16:24:15 info: [0mGET /users?search=&page=1&limit=5 [36m304[0m 43.222 ms - -[0m
2025-07-06 16:24:18 info: [0mGET /projects?search=&page=1&limit=5 [32m200[0m 98.713 ms - -[0m
2025-07-06 16:24:20 info: [0mGET /projects/68676e1f022edd14c03f91ae [36m304[0m 23.174 ms - -[0m
2025-07-06 16:34:35 info: [0mGET /projects/68676e1f022edd14c03f91ae [36m304[0m 39.921 ms - -[0m
2025-07-06 16:34:46 info: [0mGET /projects/68676e1f022edd14c03f91ae [36m304[0m 27.089 ms - -[0m
2025-07-06 16:34:47 info: [0mGET /projects/68676e1f022edd14c03f91ae [36m304[0m 62.452 ms - -[0m
2025-07-06 16:35:40 info: [0mGET /projects/68676e1f022edd14c03f91ae [36m304[0m 74.224 ms - -[0m
2025-07-06 16:35:42 info: [0mGET /projects/68676e1f022edd14c03f91ae [36m304[0m 15.135 ms - -[0m
2025-07-06 16:35:43 info: [0mGET /projects/68676e1f022edd14c03f91ae [36m304[0m 96.772 ms - -[0m
2025-07-06 16:35:44 info: [0mGET /projects/68676e1f022edd14c03f91ae [36m304[0m 13.184 ms - -[0m
2025-07-06 16:35:44 info: [0mGET /projects/68676e1f022edd14c03f91ae [36m304[0m 22.910 ms - -[0m
2025-07-06 16:35:45 info: [0mGET /projects/68676e1f022edd14c03f91ae [36m304[0m 13.213 ms - -[0m
2025-07-06 16:35:45 info: [0mGET /projects/68676e1f022edd14c03f91ae [36m304[0m 20.997 ms - -[0m
2025-07-06 16:35:45 info: [0mGET /projects/68676e1f022edd14c03f91ae [36m304[0m 14.224 ms - -[0m
2025-07-06 16:35:45 info: [0mGET /projects/68676e1f022edd14c03f91ae [36m304[0m 13.916 ms - -[0m
2025-07-06 16:35:45 info: [0mGET /projects/68676e1f022edd14c03f91ae [36m304[0m 24.664 ms - -[0m
2025-07-06 16:35:45 info: [0mGET /projects/68676e1f022edd14c03f91ae [36m304[0m 16.081 ms - -[0m
2025-07-06 16:35:45 info: [0mGET /projects/68676e1f022edd14c03f91ae [36m304[0m 10.478 ms - -[0m
2025-07-06 16:35:45 info: [0mGET /projects/68676e1f022edd14c03f91ae [36m304[0m 16.603 ms - -[0m
2025-07-06 16:35:45 info: [0mGET /projects/68676e1f022edd14c03f91ae [36m304[0m 11.003 ms - -[0m
2025-07-06 16:35:45 info: [0mGET /projects/68676e1f022edd14c03f91ae [36m304[0m 12.037 ms - -[0m
2025-07-06 16:35:45 info: [0mGET /projects/68676e1f022edd14c03f91ae [36m304[0m 10.700 ms - -[0m
2025-07-06 16:35:45 info: [0mGET /projects/68676e1f022edd14c03f91ae [36m304[0m 20.630 ms - -[0m
2025-07-06 16:35:46 info: [0mGET /projects/68676e1f022edd14c03f91ae [36m304[0m 16.812 ms - -[0m
2025-07-06 16:35:46 info: [0mGET /projects/68676e1f022edd14c03f91ae [36m304[0m 16.982 ms - -[0m
2025-07-06 16:35:47 info: [0mGET /projects/68676e1f022edd14c03f91ae [36m304[0m 72.788 ms - -[0m
2025-07-06 16:35:47 info: [0mGET /projects/68676e1f022edd14c03f91ae [36m304[0m 146.733 ms - -[0m
2025-07-06 16:35:47 info: [0mGET /projects/68676e1f022edd14c03f91ae [36m304[0m 19.313 ms - -[0m
2025-07-06 16:35:47 info: [0mGET /projects/68676e1f022edd14c03f91ae [36m304[0m 26.501 ms - -[0m
2025-07-06 16:35:47 info: [0mGET /projects/68676e1f022edd14c03f91ae [36m304[0m 17.781 ms - -[0m
2025-07-06 16:35:48 info: [0mGET /projects/68676e1f022edd14c03f91ae [36m304[0m 29.681 ms - -[0m
2025-07-06 16:35:48 info: [0mGET /projects/68676e1f022edd14c03f91ae [36m304[0m 16.801 ms - -[0m
2025-07-06 16:35:48 info: [0mGET /projects/68676e1f022edd14c03f91ae [36m304[0m 8.878 ms - -[0m
2025-07-06 16:35:48 info: [0mGET /projects/68676e1f022edd14c03f91ae [36m304[0m 21.481 ms - -[0m
2025-07-06 16:35:48 info: [0mGET /projects/68676e1f022edd14c03f91ae [36m304[0m 31.252 ms - -[0m
2025-07-06 16:35:48 info: [0mGET /projects/68676e1f022edd14c03f91ae [36m304[0m 26.820 ms - -[0m
2025-07-06 16:35:48 info: [0mGET /projects/68676e1f022edd14c03f91ae [36m304[0m 60.615 ms - -[0m
2025-07-06 16:35:48 info: [0mGET /projects/68676e1f022edd14c03f91ae [36m304[0m 28.289 ms - -[0m
2025-07-06 16:35:48 info: [0mGET /projects/68676e1f022edd14c03f91ae [36m304[0m 10.076 ms - -[0m
2025-07-06 16:35:49 info: [0mGET /projects/68676e1f022edd14c03f91ae [36m304[0m 99.314 ms - -[0m
2025-07-06 16:35:49 info: [0mGET /projects/68676e1f022edd14c03f91ae [36m304[0m 40.689 ms - -[0m
2025-07-06 16:35:49 info: [0mGET /projects/68676e1f022edd14c03f91ae [36m304[0m 12.731 ms - -[0m
2025-07-06 16:35:49 info: [0mGET /projects/68676e1f022edd14c03f91ae [36m304[0m 40.529 ms - -[0m
2025-07-06 16:35:49 info: [0mGET /projects/68676e1f022edd14c03f91ae [36m304[0m 61.846 ms - -[0m
2025-07-06 16:35:49 info: [0mGET /projects/68676e1f022edd14c03f91ae [36m304[0m 44.295 ms - -[0m
2025-07-06 16:35:49 info: [0mGET /projects/68676e1f022edd14c03f91ae [36m304[0m 15.177 ms - -[0m
2025-07-06 16:35:49 info: [0mGET /projects/68676e1f022edd14c03f91ae [36m304[0m 73.161 ms - -[0m
2025-07-06 16:35:49 info: [0mGET /projects/68676e1f022edd14c03f91ae [36m304[0m 21.560 ms - -[0m
2025-07-06 16:35:49 info: [0mGET /projects/68676e1f022edd14c03f91ae [36m304[0m 18.349 ms - -[0m
2025-07-06 16:35:49 info: [0mGET /projects/68676e1f022edd14c03f91ae [36m304[0m 39.398 ms - -[0m
2025-07-06 16:35:49 info: [0mGET /projects/68676e1f022edd14c03f91ae [36m304[0m 31.270 ms - -[0m
2025-07-06 16:35:49 info: [0mGET /projects/68676e1f022edd14c03f91ae [36m304[0m 11.360 ms - -[0m
2025-07-06 16:35:49 info: [0mGET /projects/68676e1f022edd14c03f91ae [36m304[0m 44.121 ms - -[0m
2025-07-06 16:35:50 info: [0mGET /projects/68676e1f022edd14c03f91ae [36m304[0m 83.911 ms - -[0m
2025-07-06 16:35:50 info: [0mGET /projects/68676e1f022edd14c03f91ae [36m304[0m 23.189 ms - -[0m
2025-07-06 16:35:50 info: [0mGET /projects/68676e1f022edd14c03f91ae [36m304[0m 49.978 ms - -[0m
2025-07-06 16:35:50 info: [0mGET /projects/68676e1f022edd14c03f91ae [36m304[0m 55.597 ms - -[0m
2025-07-06 16:35:50 info: [0mGET /projects/68676e1f022edd14c03f91ae [36m304[0m 40.612 ms - -[0m
2025-07-06 16:35:50 info: [0mGET /projects/68676e1f022edd14c03f91ae [36m304[0m 16.685 ms - -[0m
2025-07-06 16:35:50 info: [0mGET /projects/68676e1f022edd14c03f91ae [36m304[0m 16.910 ms - -[0m
2025-07-06 16:35:50 info: [0mGET /projects/68676e1f022edd14c03f91ae [36m304[0m 18.543 ms - -[0m
2025-07-06 16:35:50 info: [0mGET /projects/68676e1f022edd14c03f91ae [36m304[0m 29.466 ms - -[0m
2025-07-06 16:35:51 info: [0mGET /projects/68676e1f022edd14c03f91ae [36m304[0m 140.743 ms - -[0m
2025-07-06 16:35:51 info: [0mGET /projects/68676e1f022edd14c03f91ae [36m304[0m 53.032 ms - -[0m
2025-07-06 16:35:51 info: [0mGET /projects/68676e1f022edd14c03f91ae [36m304[0m 37.893 ms - -[0m
2025-07-06 16:35:51 info: [0mGET /projects/68676e1f022edd14c03f91ae [36m304[0m 18.302 ms - -[0m
2025-07-06 16:35:51 info: [0mGET /projects/68676e1f022edd14c03f91ae [36m304[0m 18.897 ms - -[0m
2025-07-06 16:35:51 info: [0mGET /projects/68676e1f022edd14c03f91ae [36m304[0m 38.605 ms - -[0m
2025-07-06 16:35:51 info: [0mGET /projects/68676e1f022edd14c03f91ae [36m304[0m 38.256 ms - -[0m
2025-07-06 16:35:51 info: [0mGET /projects/68676e1f022edd14c03f91ae [36m304[0m 15.908 ms - -[0m
2025-07-06 16:35:51 info: [0mGET /projects/68676e1f022edd14c03f91ae [36m304[0m 8.400 ms - -[0m
2025-07-06 16:35:51 info: [0mGET /projects/68676e1f022edd14c03f91ae [36m304[0m 47.917 ms - -[0m
2025-07-06 16:35:52 info: [0mGET /projects/68676e1f022edd14c03f91ae [36m304[0m 74.003 ms - -[0m
2025-07-06 16:35:52 info: [0mGET /projects/68676e1f022edd14c03f91ae [36m304[0m 139.693 ms - -[0m
2025-07-06 16:35:52 info: [0mGET /projects/68676e1f022edd14c03f91ae [36m304[0m 62.968 ms - -[0m
2025-07-06 16:35:52 info: [0mGET /projects/68676e1f022edd14c03f91ae [36m304[0m 34.740 ms - -[0m
2025-07-06 16:35:52 info: [0mGET /projects/68676e1f022edd14c03f91ae [36m304[0m 139.637 ms - -[0m
2025-07-06 16:35:52 info: [0mGET /projects/68676e1f022edd14c03f91ae [36m304[0m 66.840 ms - -[0m
2025-07-06 16:35:52 info: [0mGET /projects/68676e1f022edd14c03f91ae [36m304[0m 23.217 ms - -[0m
2025-07-06 16:35:52 info: [0mGET /projects/68676e1f022edd14c03f91ae [36m304[0m 29.068 ms - -[0m
2025-07-06 16:35:52 info: [0mGET /projects/68676e1f022edd14c03f91ae [36m304[0m 30.658 ms - -[0m
2025-07-06 16:35:52 info: [0mGET /projects/68676e1f022edd14c03f91ae [36m304[0m 18.858 ms - -[0m
2025-07-06 16:35:53 info: [0mGET /projects/68676e1f022edd14c03f91ae [36m304[0m 76.196 ms - -[0m
2025-07-06 16:35:53 info: [0mGET /projects/68676e1f022edd14c03f91ae [36m304[0m 60.632 ms - -[0m
2025-07-06 16:35:53 info: [0mGET /projects/68676e1f022edd14c03f91ae [36m304[0m 242.971 ms - -[0m
2025-07-06 16:35:53 info: [0mGET /projects/68676e1f022edd14c03f91ae [36m304[0m 123.174 ms - -[0m
2025-07-06 16:35:54 info: [0mGET /projects/68676e1f022edd14c03f91ae [36m304[0m 97.968 ms - -[0m
2025-07-06 16:35:54 info: [0mGET /projects/68676e1f022edd14c03f91ae [36m304[0m 69.052 ms - -[0m
2025-07-06 16:35:54 info: [0mGET /projects/68676e1f022edd14c03f91ae [36m304[0m 90.447 ms - -[0m
2025-07-06 16:35:54 info: [0mGET /projects/68676e1f022edd14c03f91ae [36m304[0m 31.427 ms - -[0m
2025-07-06 16:35:54 info: [0mGET /projects/68676e1f022edd14c03f91ae [36m304[0m 40.246 ms - -[0m
2025-07-06 16:35:54 info: [0mGET /projects/68676e1f022edd14c03f91ae [36m304[0m 72.212 ms - -[0m
2025-07-06 16:35:54 info: [0mGET /projects/68676e1f022edd14c03f91ae [36m304[0m 25.905 ms - -[0m
2025-07-06 16:35:54 info: [0mGET /projects/68676e1f022edd14c03f91ae [36m304[0m 43.304 ms - -[0m
2025-07-06 16:35:54 info: [0mGET /projects/68676e1f022edd14c03f91ae [36m304[0m 98.474 ms - -[0m
2025-07-06 16:35:56 info: [0mGET /projects/68676e1f022edd14c03f91ae [32m200[0m 80.037 ms - -[0m
2025-07-06 16:35:56 info: [0mGET /projects/68676e1f022edd14c03f91ae [36m304[0m 8.602 ms - -[0m
2025-07-06 16:35:56 info: [0mGET /projects/68676e1f022edd14c03f91ae [36m304[0m 33.821 ms - -[0m
2025-07-06 16:35:56 info: [0mGET /projects/68676e1f022edd14c03f91ae [36m304[0m 20.389 ms - -[0m
2025-07-06 16:35:56 info: [0mGET /projects/68676e1f022edd14c03f91ae [36m304[0m 8.451 ms - -[0m
2025-07-06 16:35:56 info: [0mGET /projects/68676e1f022edd14c03f91ae [36m304[0m 40.554 ms - -[0m
2025-07-06 16:35:56 info: [0mGET /projects/68676e1f022edd14c03f91ae [36m304[0m 22.744 ms - -[0m
2025-07-06 16:35:56 info: [0mGET /projects/68676e1f022edd14c03f91ae [36m304[0m 20.706 ms - -[0m
2025-07-06 16:35:57 info: [0mGET /projects/68676e1f022edd14c03f91ae [36m304[0m 80.817 ms - -[0m
2025-07-06 16:35:57 info: [0mGET /projects/68676e1f022edd14c03f91ae [36m304[0m 35.916 ms - -[0m
2025-07-06 16:35:57 info: [0mGET /projects/68676e1f022edd14c03f91ae [36m304[0m 15.700 ms - -[0m
2025-07-06 16:35:57 info: [0mGET /projects/68676e1f022edd14c03f91ae [36m304[0m 23.579 ms - -[0m
2025-07-06 16:35:57 info: [0mGET /projects/68676e1f022edd14c03f91ae [36m304[0m 48.957 ms - -[0m
2025-07-06 16:35:57 info: [0mGET /projects/68676e1f022edd14c03f91ae [36m304[0m 20.785 ms - -[0m
2025-07-06 16:35:58 info: [0mGET /projects/68676e1f022edd14c03f91ae [36m304[0m 75.140 ms - -[0m
2025-07-06 16:35:58 info: [0mGET /projects/68676e1f022edd14c03f91ae [36m304[0m 28.399 ms - -[0m
2025-07-06 16:35:58 info: [0mGET /projects/68676e1f022edd14c03f91ae [36m304[0m 51.826 ms - -[0m
2025-07-06 16:35:58 info: [0mGET /projects/68676e1f022edd14c03f91ae [36m304[0m 11.774 ms - -[0m
2025-07-06 16:35:58 info: [0mGET /projects/68676e1f022edd14c03f91ae [36m304[0m 68.188 ms - -[0m
2025-07-06 16:35:59 info: [0mGET /projects/68676e1f022edd14c03f91ae [36m304[0m 59.365 ms - -[0m
2025-07-06 16:35:59 info: [0mGET /projects/68676e1f022edd14c03f91ae [36m304[0m 61.681 ms - -[0m
2025-07-06 16:35:59 info: [0mGET /projects/68676e1f022edd14c03f91ae [36m304[0m 11.291 ms - -[0m
2025-07-06 16:35:59 info: [0mGET /projects/68676e1f022edd14c03f91ae [36m304[0m 15.859 ms - -[0m
2025-07-06 16:35:59 info: [0mGET /projects/68676e1f022edd14c03f91ae [36m304[0m 16.248 ms - -[0m
2025-07-06 16:35:59 info: [0mGET /projects/68676e1f022edd14c03f91ae [36m304[0m 12.365 ms - -[0m
2025-07-06 16:35:59 info: [0mGET /projects/68676e1f022edd14c03f91ae [36m304[0m 8.484 ms - -[0m
2025-07-06 16:35:59 info: [0mGET /projects/68676e1f022edd14c03f91ae [36m304[0m 18.542 ms - -[0m
2025-07-06 16:36:00 info: [0mGET /projects/68676e1f022edd14c03f91ae [36m304[0m 78.515 ms - -[0m
2025-07-06 16:36:00 info: [0mGET /projects/68676e1f022edd14c03f91ae [36m304[0m 68.444 ms - -[0m
2025-07-06 16:36:00 info: [0mGET /projects/68676e1f022edd14c03f91ae [36m304[0m 29.959 ms - -[0m
2025-07-06 16:36:00 info: [0mGET /projects/68676e1f022edd14c03f91ae [36m304[0m 15.586 ms - -[0m
2025-07-06 16:36:00 info: [0mGET /projects/68676e1f022edd14c03f91ae [36m304[0m 63.662 ms - -[0m
2025-07-06 16:36:00 info: [0mGET /projects/68676e1f022edd14c03f91ae [36m304[0m 14.416 ms - -[0m
2025-07-06 16:36:01 info: [0mGET /projects/68676e1f022edd14c03f91ae [36m304[0m 10.618 ms - -[0m
2025-07-06 16:36:01 info: [0mGET /projects/68676e1f022edd14c03f91ae [36m304[0m 13.742 ms - -[0m
2025-07-06 16:36:01 info: [0mGET /projects/68676e1f022edd14c03f91ae [36m304[0m 14.001 ms - -[0m
2025-07-06 16:36:01 info: [0mGET /projects/68676e1f022edd14c03f91ae [36m304[0m 9.837 ms - -[0m
2025-07-06 16:36:01 info: [0mGET /projects/68676e1f022edd14c03f91ae [36m304[0m 11.226 ms - -[0m
2025-07-06 16:36:01 info: [0mGET /projects/68676e1f022edd14c03f91ae [36m304[0m 10.904 ms - -[0m
2025-07-06 16:36:01 info: [0mGET /projects/68676e1f022edd14c03f91ae [36m304[0m 11.641 ms - -[0m
2025-07-06 16:36:01 info: [0mGET /projects/68676e1f022edd14c03f91ae [36m304[0m 9.548 ms - -[0m
2025-07-06 16:36:01 info: [0mGET /projects/68676e1f022edd14c03f91ae [36m304[0m 13.454 ms - -[0m
2025-07-06 16:36:02 info: [0mGET /projects/68676e1f022edd14c03f91ae [36m304[0m 8.509 ms - -[0m
2025-07-06 16:36:02 info: [0mGET /projects/68676e1f022edd14c03f91ae [36m304[0m 7.053 ms - -[0m
2025-07-06 16:36:02 info: [0mGET /projects/68676e1f022edd14c03f91ae [36m304[0m 10.081 ms - -[0m
2025-07-06 16:36:02 info: [0mGET /projects/68676e1f022edd14c03f91ae [36m304[0m 6.474 ms - -[0m
2025-07-06 16:36:02 info: [0mGET /projects/68676e1f022edd14c03f91ae [36m304[0m 13.095 ms - -[0m
2025-07-06 16:36:02 info: [0mGET /projects/68676e1f022edd14c03f91ae [36m304[0m 7.793 ms - -[0m
2025-07-06 16:36:02 info: [0mGET /projects/68676e1f022edd14c03f91ae [36m304[0m 9.590 ms - -[0m
2025-07-06 16:36:03 info: [0mGET /projects/68676e1f022edd14c03f91ae [36m304[0m 7.396 ms - -[0m
2025-07-06 16:36:03 info: [0mGET /projects/68676e1f022edd14c03f91ae [36m304[0m 10.313 ms - -[0m
2025-07-06 16:36:03 info: [0mGET /projects/68676e1f022edd14c03f91ae [36m304[0m 14.799 ms - -[0m
2025-07-06 16:36:03 info: [0mGET /projects/68676e1f022edd14c03f91ae [36m304[0m 8.941 ms - -[0m
2025-07-06 16:36:03 info: [0mGET /projects/68676e1f022edd14c03f91ae [36m304[0m 6.866 ms - -[0m
2025-07-06 16:36:03 info: [0mGET /projects/68676e1f022edd14c03f91ae [36m304[0m 24.137 ms - -[0m
2025-07-06 16:36:03 info: [0mGET /projects/68676e1f022edd14c03f91ae [36m304[0m 7.028 ms - -[0m
2025-07-06 16:36:03 info: [0mGET /projects/68676e1f022edd14c03f91ae [36m304[0m 13.788 ms - -[0m
2025-07-06 16:36:03 info: [0mGET /projects/68676e1f022edd14c03f91ae [36m304[0m 25.705 ms - -[0m
2025-07-06 16:36:04 info: [0mGET /projects/68676e1f022edd14c03f91ae [36m304[0m 6.727 ms - -[0m
2025-07-06 16:36:04 info: [0mGET /projects/68676e1f022edd14c03f91ae [36m304[0m 22.085 ms - -[0m
2025-07-06 16:36:04 info: [0mGET /projects/68676e1f022edd14c03f91ae [36m304[0m 16.631 ms - -[0m
2025-07-06 16:36:04 info: [0mGET /projects/68676e1f022edd14c03f91ae [36m304[0m 7.060 ms - -[0m
2025-07-06 16:36:04 info: [0mGET /projects/68676e1f022edd14c03f91ae [36m304[0m 10.294 ms - -[0m
2025-07-06 16:36:04 info: [0mGET /projects/68676e1f022edd14c03f91ae [36m304[0m 7.389 ms - -[0m
2025-07-06 16:36:04 info: [0mGET /projects/68676e1f022edd14c03f91ae [36m304[0m 10.316 ms - -[0m
2025-07-06 16:36:04 info: [0mGET /projects/68676e1f022edd14c03f91ae [36m304[0m 12.765 ms - -[0m
2025-07-06 16:36:04 info: [0mGET /projects/68676e1f022edd14c03f91ae [36m304[0m 12.589 ms - -[0m
2025-07-06 16:36:05 info: [0mGET /projects/68676e1f022edd14c03f91ae [36m304[0m 8.264 ms - -[0m
2025-07-06 16:36:05 info: [0mGET /projects/68676e1f022edd14c03f91ae [36m304[0m 11.659 ms - -[0m
2025-07-06 16:36:06 info: [0mGET /projects/68676e1f022edd14c03f91ae [36m304[0m 24.715 ms - -[0m
2025-07-06 16:36:06 info: [0mGET /projects/68676e1f022edd14c03f91ae [36m304[0m 24.415 ms - -[0m
2025-07-06 16:36:09 info: [0mGET /projects/68676e1f022edd14c03f91ae [36m304[0m 27.026 ms - -[0m
2025-07-06 16:36:10 info: [0mGET /projects/68676e1f022edd14c03f91ae [36m304[0m 15.581 ms - -[0m
2025-07-06 16:36:12 info: [0mGET /projects/68676e1f022edd14c03f91ae [36m304[0m 459.712 ms - -[0m
2025-07-06 16:36:12 info: [0mGET /projects/68676e1f022edd14c03f91ae [36m304[0m 129.384 ms - -[0m
2025-07-06 16:39:54 info: =================================
2025-07-06 16:39:54 info: ======= ENV: development =======
2025-07-06 16:39:54 info: 🚀 App listening on the port 3000
2025-07-06 16:39:54 info: =================================
2025-07-06 16:39:54 info: [0mGET /projects/68676e1f022edd14c03f91ae [36m304[0m 53.016 ms - -[0m
2025-07-06 16:41:42 info: [0mGET /projects/68676e1f022edd14c03f91ae [36m304[0m 33.242 ms - -[0m
2025-07-06 16:44:04 info: [0mGET /projects/68676e1f022edd14c03f91ae [36m304[0m 14.765 ms - -[0m
2025-07-06 16:44:19 info: [0mGET /projects/68676e1f022edd14c03f91ae [36m304[0m 13.552 ms - -[0m
2025-07-06 16:44:23 info: [0mGET /projects/68676e1f022edd14c03f91ae [36m304[0m 17.885 ms - -[0m
2025-07-06 16:44:43 info: [0mGET /projects/68676e1f022edd14c03f91ae [36m304[0m 22.285 ms - -[0m
2025-07-06 16:45:05 info: [0mGET /projects/68676e1f022edd14c03f91ae [36m304[0m 19.968 ms - -[0m
2025-07-06 16:45:11 info: [0mGET /projects/68676e1f022edd14c03f91ae [36m304[0m 51.250 ms - -[0m
2025-07-06 16:45:13 info: [0mGET /projects/68676e1f022edd14c03f91ae [36m304[0m 24.072 ms - -[0m
2025-07-06 16:45:31 info: [0mGET /users?search=&page=1&limit=5 [36m304[0m 115.273 ms - -[0m
2025-07-06 16:45:34 info: [0mGET /projects?search=&page=1&limit=5 [36m304[0m 71.749 ms - -[0m
2025-07-06 16:45:46 info: [0mGET /users?search=&page=1&limit=5 [36m304[0m 17.890 ms - -[0m
2025-07-06 16:45:47 info: [0mGET /projects?search=&page=1&limit=5 [36m304[0m 29.195 ms - -[0m
2025-07-06 16:45:49 info: [0mGET /projects/68676e1f022edd14c03f91ae [36m304[0m 15.769 ms - -[0m
2025-07-06 18:57:47 info: =================================
2025-07-06 18:57:47 info: ======= ENV: development =======
2025-07-06 18:57:48 info: 🚀 App listening on the port 3000
2025-07-06 18:57:48 info: =================================
2025-07-06 18:57:51 info: [0mPOST /auth/login [32m200[0m 416.747 ms - 278[0m
2025-07-06 18:57:54 info: [0mGET /users?search=&page=1&limit=5 [36m304[0m 429.803 ms - -[0m
2025-07-06 18:58:03 info: [0mGET /projects?search=&page=1&limit=5 [36m304[0m 488.696 ms - -[0m
2025-07-06 18:58:06 info: [0mGET /projects/68676e1f022edd14c03f91ae [36m304[0m 87.215 ms - -[0m
2025-07-06 19:01:39 info: [0mPOST /projects/68676e1f022edd14c03f91ae/bha [32m201[0m 58.691 ms - 118[0m
2025-07-06 19:01:39 info: [0mGET /projects/68676e1f022edd14c03f91ae [32m200[0m 55.504 ms - -[0m
2025-07-06 19:11:51 info: [0mGET /users?search=&page=1&limit=5 [36m304[0m 35.250 ms - -[0m
2025-07-06 19:11:54 info: [0mGET /projects?search=&page=1&limit=5 [32m200[0m 33.665 ms - -[0m
2025-07-06 19:13:53 info: [0mGET /projects?search=&page=1&limit=5 [36m304[0m 19.454 ms - -[0m
2025-07-06 19:14:10 info: [0mGET /projects?search=&page=1&limit=5 [36m304[0m 24.186 ms - -[0m
2025-07-06 19:14:19 info: [0mGET /projects?search=&page=1&limit=5 [36m304[0m 21.890 ms - -[0m
2025-07-06 19:14:46 info: [0mGET /projects/68676e1f022edd14c03f91ae [36m304[0m 19.162 ms - -[0m
2025-07-06 19:14:50 info: [0mGET /projects?search=&page=1&limit=5 [36m304[0m 37.327 ms - -[0m
2025-07-06 19:15:40 info: [0mGET /projects?search=Pozo&page=1&limit=5 [32m200[0m 54.445 ms - -[0m
2025-07-06 19:15:41 info: [0mGET /projects?search=Poz&page=1&limit=5 [32m200[0m 18.133 ms - -[0m
2025-07-06 19:15:43 info: [0mGET /projects?search=Pozadaw&page=1&limit=5 [32m200[0m 15.651 ms - 94[0m
2025-07-06 19:15:45 info: [0mGET /projects?search=&page=1&limit=5 [36m304[0m 44.403 ms - -[0m
2025-07-06 19:20:00 error: [POST] /projects >> StatusCode:: 400, Message:: start_time must be a number conforming to the specified constraints
2025-07-06 19:20:00 info: [0mPOST /projects [33m400[0m 16.092 ms - 81[0m
2025-07-06 19:20:00 info: [0mGET /projects?search=&page=1&limit=5 [36m304[0m 118.651 ms - -[0m
2025-07-06 19:20:25 error: [POST] /projects >> StatusCode:: 400, Message:: start_time must be a number conforming to the specified constraints
2025-07-06 19:20:25 info: [0mPOST /projects [33m400[0m 15.527 ms - 81[0m
2025-07-06 19:20:25 info: [0mGET /projects?search=&page=1&limit=5 [36m304[0m 40.158 ms - -[0m
2025-07-06 19:21:59 info: [0mPOST /projects [32m201[0m 36.612 ms - 43[0m
2025-07-06 19:21:59 info: [0mGET /projects?search=&page=1&limit=5 [32m200[0m 20.302 ms - -[0m
2025-07-06 19:22:05 info: [0mGET /projects/686b051761972b2cc9c3dfd2 [32m200[0m 28.332 ms - 317[0m
2025-07-06 19:22:13 info: [0mGET /users?search=&page=1&limit=5 [36m304[0m 16.862 ms - -[0m
2025-07-06 19:22:15 info: [0mGET /projects?search=&page=1&limit=5 [36m304[0m 27.290 ms - -[0m
2025-07-06 19:22:25 info: [0mGET /users?search=&page=1&limit=5 [36m304[0m 28.526 ms - -[0m
2025-07-06 19:31:34 info: [0mGET /users?search=&page=1&limit=5 [36m304[0m 43.189 ms - -[0m
2025-07-06 19:38:09 info: [0mGET /users?search=&page=1&limit=5 [36m304[0m 28.003 ms - -[0m
2025-07-06 19:38:27 info: [0mGET /users?search=&page=1&limit=5 [36m304[0m 28.403 ms - -[0m
2025-07-06 19:38:37 info: [0mGET /users?search=&page=1&limit=5 [36m304[0m 33.201 ms - -[0m
2025-07-06 19:39:32 info: [0mGET /users?search=&page=1&limit=5 [36m304[0m 24.489 ms - -[0m
2025-07-06 19:39:36 info: [0mGET /users/68675a23ef612341a3476f0e [32m200[0m 35.212 ms - 238[0m
2025-07-06 19:47:26 info: [0mGET /users/68675a23ef612341a3476f0e [36m304[0m 7.848 ms - -[0m
2025-07-06 19:47:38 info: [0mGET /projects?search=&page=1&limit=5 [36m304[0m 60.375 ms - -[0m
2025-07-06 19:47:40 info: [0mGET /users?search=&page=1&limit=5 [36m304[0m 32.068 ms - -[0m
2025-07-06 19:51:49 info: [0mGET /users?search=&page=1&limit=5 [36m304[0m 59.957 ms - -[0m
2025-07-06 19:58:11 info: [0mGET /users?search=&page=1&limit=5 [36m304[0m 13.241 ms - -[0m
2025-07-06 19:58:23 info: [0mGET /users?search=&page=1&limit=5 [36m304[0m 16.576 ms - -[0m
2025-07-06 19:58:35 info: [0mGET /users?search=&page=1&limit=5 [36m304[0m 10.066 ms - -[0m
2025-07-06 19:58:49 error: [GET] /projects >> StatusCode:: 401, Message:: Wrong authentication token
2025-07-06 19:58:49 info: [0mGET /projects?search=&page=1&limit=5 [33m401[0m 39.484 ms - 40[0m
2025-07-06 19:58:51 info: [0mGET /users?search=&page=1&limit=5 [36m304[0m 21.429 ms - -[0m
2025-07-06 19:59:17 info: [0mPOST /auth/login [32m200[0m 116.224 ms - 278[0m
2025-07-06 19:59:18 info: [0mGET /users?search=&page=1&limit=5 [36m304[0m 11.811 ms - -[0m
2025-07-06 19:59:37 error: [PUT] /users/undefined >> StatusCode:: 400, Message:: property name should not exist
2025-07-06 19:59:37 info: [0mPUT /users/undefined [33m400[0m 7.342 ms - 44[0m
2025-07-06 20:00:07 info: [0mGET /users?search=&page=1&limit=5 [36m304[0m 50.378 ms - -[0m
2025-07-06 20:00:21 error: [PUT] /users/undefined >> StatusCode:: 400, Message:: property name should not exist
2025-07-06 20:00:21 info: [0mPUT /users/undefined [33m400[0m 9.183 ms - 44[0m
2025-07-06 20:01:17 info: [0mPOST /auth/login [32m200[0m 96.699 ms - 278[0m
2025-07-06 20:01:18 info: [0mGET /users?search=&page=1&limit=5 [36m304[0m 21.998 ms - -[0m
2025-07-06 20:01:30 error: [PUT] /users/6866101bea3aa3fae7f4259f >> StatusCode:: 400, Message:: property name should not exist
2025-07-06 20:01:30 info: [0mPUT /users/6866101bea3aa3fae7f4259f [33m400[0m 5.280 ms - 44[0m
2025-07-06 20:02:39 info: [0mGET /users?search=&page=1&limit=5 [36m304[0m 10.888 ms - -[0m
2025-07-06 20:02:53 info: [0mGET /users?search=&page=1&limit=5 [36m304[0m 11.105 ms - -[0m
2025-07-06 20:03:01 info: [0mGET /users?search=&page=1&limit=5 [36m304[0m 14.018 ms - -[0m
2025-07-06 20:03:26 info: [0mGET /users?search=&page=1&limit=5 [36m304[0m 64.582 ms - -[0m
2025-07-06 20:03:33 info: [0mGET /users?search=&page=1&limit=5 [36m304[0m 56.731 ms - -[0m
2025-07-06 20:03:39 info: [0mPUT /users/6866101bea3aa3fae7f4259f [32m200[0m 29.954 ms - 238[0m
2025-07-06 20:03:53 info: [0mGET /users?search=&page=1&limit=5 [36m304[0m 12.232 ms - -[0m
2025-07-06 20:04:23 info: [0mPUT /users/6866101bea3aa3fae7f4259f [32m200[0m 12.446 ms - 238[0m
2025-07-06 20:05:25 info: [0mGET /users?search=&page=1&limit=5 [36m304[0m 11.902 ms - -[0m
2025-07-06 20:05:33 info: [0mGET /users?search=&page=1&limit=5 [36m304[0m 25.115 ms - -[0m
2025-07-06 20:05:34 info: [0mGET /users?search=&page=1&limit=5 [32m200[0m 16.203 ms - -[0m
2025-07-06 20:05:36 info: [0mGET /users?search=&page=1&limit=5 [36m304[0m 25.260 ms - -[0m
2025-07-06 20:05:42 info: [0mPUT /users/6866101bea3aa3fae7f4259f [32m200[0m 18.112 ms - 238[0m
2025-07-06 20:05:44 info: [0mGET /users?search=&page=1&limit=5 [36m304[0m 11.537 ms - -[0m
2025-07-06 20:06:27 info: [0mGET /users?search=&page=1&limit=5 [36m304[0m 22.149 ms - -[0m
2025-07-06 20:06:29 info: [0mGET /users?search=&page=1&limit=5 [36m304[0m 10.927 ms - -[0m
2025-07-06 20:06:33 info: [0mPUT /users/6866101bea3aa3fae7f4259f [32m200[0m 40.375 ms - 237[0m
2025-07-06 20:06:37 info: [0mGET /users?search=&page=1&limit=5 [36m304[0m 17.797 ms - -[0m
2025-07-06 20:06:52 info: [0mGET /users?search=&page=1&limit=5 [36m304[0m 15.628 ms - -[0m
2025-07-06 20:07:05 info: [0mGET /users?search=&page=1&limit=5 [36m304[0m 25.159 ms - -[0m
2025-07-06 20:07:10 info: [0mPUT /users/6866101bea3aa3fae7f4259f [32m200[0m 12.566 ms - 238[0m
2025-07-06 20:07:14 info: [0mGET /users?search=&page=1&limit=5 [36m304[0m 15.830 ms - -[0m
2025-07-06 20:07:34 info: [0mGET /users?search=&page=1&limit=5 [36m304[0m 107.469 ms - -[0m
2025-07-06 20:07:43 info: [0mPUT /users/6866101bea3aa3fae7f4259f [32m200[0m 16.124 ms - 238[0m
2025-07-06 20:08:01 info: [0mGET /users?search=&page=1&limit=5 [36m304[0m 11.817 ms - -[0m
2025-07-06 20:08:27 info: [0mGET /users?search=&page=1&limit=5 [36m304[0m 19.130 ms - -[0m
2025-07-06 20:08:33 info: [0mPUT /users/6866101bea3aa3fae7f4259f [32m200[0m 28.089 ms - 238[0m
2025-07-06 20:08:41 info: [0mGET /users?search=&page=1&limit=5 [36m304[0m 18.924 ms - -[0m
2025-07-06 20:08:57 info: [0mGET /users?search=&page=1&limit=5 [36m304[0m 9.008 ms - -[0m
2025-07-06 20:09:44 info: [0mGET /users?search=&page=1&limit=5 [36m304[0m 59.002 ms - -[0m
2025-07-06 20:09:51 info: [0mPUT /users/6866101bea3aa3fae7f4259f [32m200[0m 119.254 ms - 237[0m
2025-07-06 20:09:54 info: [0mGET /users?search=&page=1&limit=5 [36m304[0m 58.215 ms - -[0m
2025-07-06 20:18:57 info: [0mPOST /auth/login [32m200[0m 123.894 ms - 278[0m
2025-07-06 20:18:57 info: [0mGET /users?search=&page=1&limit=5 [36m304[0m 16.095 ms - -[0m
2025-07-06 20:19:03 info: [0mGET /projects?search=&page=1&limit=5 [36m304[0m 74.336 ms - -[0m
2025-07-06 20:19:06 info: [0mGET /projects/68676e1f022edd14c03f91ae [36m304[0m 25.707 ms - -[0m
2025-07-06 20:19:16 info: [0mGET /users?search=&page=1&limit=5 [36m304[0m 16.720 ms - -[0m
2025-07-06 20:19:19 info: [0mGET /users/68675a23ef612341a3476f0e [36m304[0m 4.051 ms - -[0m
2025-07-06 20:19:22 info: [0mGET /projects?search=&page=1&limit=5 [36m304[0m 34.964 ms - -[0m
2025-07-06 20:19:25 info: [0mGET /projects/68676e1f022edd14c03f91ae [36m304[0m 23.035 ms - -[0m
