2025-07-04 00:04:54 info: =================================
2025-07-04 00:04:54 info: ======= ENV: development =======
2025-07-04 00:04:54 info: 🚀 App listening on the port 3000
2025-07-04 00:04:54 info: =================================
2025-07-04 00:14:35 error: [POST] /auth/login >> StatusCode:: 409, Message:: Password is not matching
2025-07-04 00:14:35 info: [0mPOST /auth/login [33m409[0m 187.277 ms - 38[0m
2025-07-04 00:14:43 info: [0mPOST /auth/login [32m200[0m 95.644 ms - 278[0m
2025-07-04 00:28:18 info: =================================
2025-07-04 00:28:18 info: ======= ENV: development =======
2025-07-04 00:28:18 info: 🚀 App listening on the port 3000
2025-07-04 00:28:19 info: =================================
2025-07-04 00:31:36 info: [0mPOST /auth/login [32m200[0m 135.887 ms - 278[0m
2025-07-04 00:31:37 info: [0mGET /users?search=&page=1&perPage=10 [32m200[0m 87.699 ms - 303[0m
2025-07-04 00:31:51 info: [0mGET /users?search=&page=1&perPage=10 [36m304[0m 36.174 ms - -[0m
2025-07-04 00:33:20 info: [0mGET /users?search=&page=1&perPage=10 [36m304[0m 12.448 ms - -[0m
2025-07-04 00:34:15 info: [0mGET /users?search=&page=1&perPage=10 [36m304[0m 17.471 ms - -[0m
2025-07-04 00:34:30 info: [0mPOST /users [32m201[0m 116.460 ms - 236[0m
2025-07-04 00:34:30 info: [0mGET /users?search=&page=1&perPage=10 [32m200[0m 19.695 ms - 511[0m
2025-07-04 00:35:00 info: [0mPOST /users [32m201[0m 107.958 ms - 235[0m
2025-07-04 00:35:00 info: [0mGET /users?search=&page=1&perPage=10 [32m200[0m 17.473 ms - 718[0m
2025-07-04 00:35:15 info: [0mPOST /users [32m201[0m 98.868 ms - 236[0m
2025-07-04 00:35:15 info: [0mGET /users?search=&page=1&perPage=10 [32m200[0m 9.598 ms - 926[0m
2025-07-04 00:35:32 info: [0mPOST /users [32m201[0m 140.477 ms - 236[0m
2025-07-04 00:35:32 info: [0mGET /users?search=&page=1&perPage=10 [32m200[0m 25.365 ms - -[0m
2025-07-04 00:35:47 info: [0mPOST /users [32m201[0m 87.117 ms - 238[0m
2025-07-04 00:35:47 info: [0mGET /users?search=&page=1&perPage=10 [32m200[0m 12.761 ms - -[0m
2025-07-04 00:35:52 info: [0mGET /users?search=&page=1&perPage=10 [36m304[0m 14.115 ms - -[0m
2025-07-04 00:38:55 info: [0mGET /users?search=&page=1&perPage=10 [36m304[0m 28.590 ms - -[0m
2025-07-04 00:39:06 info: [0mGET /users?search=&page=1&perPage=10 [36m304[0m 11.066 ms - -[0m
2025-07-04 00:39:22 info: [0mGET /users?search=&page=1&perPage=10 [36m304[0m 10.093 ms - -[0m
2025-07-04 00:39:50 info: [0mGET /users?search=&page=1&perPage=10 [36m304[0m 13.432 ms - -[0m
2025-07-04 00:40:06 info: [0mGET /users?search=&page=1&perPage=10 [36m304[0m 6.795 ms - -[0m
2025-07-04 00:40:08 info: [0mGET /users?search=&page=1&perPage=10 [36m304[0m 13.965 ms - -[0m
2025-07-04 00:40:10 info: [0mGET /users?search=&page=1&perPage=10 [36m304[0m 16.795 ms - -[0m
2025-07-04 00:40:28 info: [0mGET /users?search=&page=1&perPage=10 [36m304[0m 12.462 ms - -[0m
2025-07-04 00:40:29 info: [0mGET /users?search=&page=1&perPage=10 [36m304[0m 38.559 ms - -[0m
2025-07-04 00:41:51 info: [0mGET /users?search=&page=1&perPage=5 [32m200[0m 14.004 ms - -[0m
2025-07-04 00:41:52 info: [0mGET /users?search=&page=1&perPage=5 [36m304[0m 10.960 ms - -[0m
2025-07-04 00:41:54 info: [0mGET /users?search=&page=1&perPage=5 [36m304[0m 7.579 ms - -[0m
2025-07-04 00:42:12 info: [0mGET /users?search=&page=1&perPage=5 [36m304[0m 18.039 ms - -[0m
2025-07-04 00:42:30 info: [0mGET /users?search=&page=1&perPage=5 [36m304[0m 20.589 ms - -[0m
2025-07-04 00:43:46 info: [0mGET /users?search=&page=1&perPage=5 [36m304[0m 13.979 ms - -[0m
2025-07-04 00:43:47 info: [0mGET /users?search=&page=1&perPage=5 [36m304[0m 107.488 ms - -[0m
2025-07-04 00:43:49 info: [0mGET /users?search=&page=1&perPage=5 [36m304[0m 15.233 ms - -[0m
2025-07-04 00:44:04 info: [0mGET /users?search=&page=1&limit=5 [32m200[0m 16.947 ms - -[0m
2025-07-04 00:44:07 info: [0mGET /users?search=&page=1&limit=5 [36m304[0m 16.319 ms - -[0m
2025-07-04 00:44:07 info: [0mGET /users?search=&page=1&limit=5 [36m304[0m 10.932 ms - -[0m
2025-07-04 00:44:10 info: [0mGET /users?search=&page=1&limit=5 [36m304[0m 20.570 ms - -[0m
2025-07-04 00:44:42 info: [0mGET /users?search=&page=1&limit=5 [36m304[0m 20.894 ms - -[0m
2025-07-04 00:44:47 info: [0mGET /users?search=&page=1&limit=5 [36m304[0m 14.143 ms - -[0m
2025-07-04 00:45:10 info: [0mGET /users?search=&page=1&limit=5 [36m304[0m 20.277 ms - -[0m
2025-07-04 00:45:11 info: [0mGET /users?search=&page=1&limit=5 [36m304[0m 10.031 ms - -[0m
2025-07-04 00:45:14 info: [0mGET /users?search=&page=1&limit=5 [36m304[0m 18.156 ms - -[0m
2025-07-04 00:47:14 info: [0mGET /users?search=&page=1&limit=5 [36m304[0m 12.664 ms - -[0m
2025-07-04 00:47:27 info: [0mGET /users?search=&page=1&limit=5 [36m304[0m 16.016 ms - -[0m
2025-07-04 00:48:00 info: [0mGET /users?search=&page=1&limit=5 [36m304[0m 23.443 ms - -[0m
2025-07-04 00:48:22 info: [0mGET /users?search=&page=1&limit=5 [36m304[0m 9.656 ms - -[0m
2025-07-04 00:48:24 info: [0mGET /users?search=&page=1&limit=5 [36m304[0m 13.142 ms - -[0m
2025-07-04 00:48:44 info: [0mGET /users?search=&page=2&limit=5 [32m200[0m 14.761 ms - 303[0m
2025-07-04 00:48:53 info: [0mGET /users?search=&page=1&limit=5 [36m304[0m 10.111 ms - -[0m
2025-07-04 00:48:59 info: [0mGET /users?search=&page=2&limit=5 [36m304[0m 11.887 ms - -[0m
2025-07-04 00:49:04 info: [0mGET /users?search=Lucas&page=2&limit=5 [32m200[0m 6.974 ms - 303[0m
2025-07-04 00:49:52 info: =================================
2025-07-04 00:49:52 info: ======= ENV: development =======
2025-07-04 00:49:52 info: 🚀 App listening on the port 3000
2025-07-04 00:49:52 info: =================================
2025-07-04 00:50:34 info: =================================
2025-07-04 00:50:34 info: ======= ENV: development =======
2025-07-04 00:50:34 info: 🚀 App listening on the port 3000
2025-07-04 00:50:34 info: =================================
2025-07-04 00:50:34 info: [0mGET /users?search=&page=1&limit=5 [32m200[0m 128.668 ms - 94[0m
2025-07-04 00:50:39 info: [0mGET /users?search=&page=1&limit=5 [36m304[0m 31.000 ms - -[0m
2025-07-04 00:51:01 info: =================================
2025-07-04 00:51:01 info: ======= ENV: development =======
2025-07-04 00:51:01 info: 🚀 App listening on the port 3000
2025-07-04 00:51:01 info: =================================
2025-07-04 00:52:26 info: =================================
2025-07-04 00:52:26 info: ======= ENV: development =======
2025-07-04 00:52:26 info: 🚀 App listening on the port 3000
2025-07-04 00:52:26 info: =================================
2025-07-04 00:52:34 info: =================================
2025-07-04 00:52:34 info: ======= ENV: development =======
2025-07-04 00:52:34 info: 🚀 App listening on the port 3000
2025-07-04 00:52:34 info: =================================
2025-07-04 00:52:34 info: [0mGET /users?search=&page=1&limit=5 [32m200[0m 38.389 ms - -[0m
2025-07-04 00:52:42 info: [0mGET /users?search=&page=1&limit=5 [36m304[0m 24.927 ms - -[0m
2025-07-04 00:53:00 info: [0mGET /users?search=Lucas&page=1&limit=5 [32m200[0m 29.343 ms - 301[0m
2025-07-04 00:53:41 info: [0mGET /users?search=&page=1&limit=5 [36m304[0m 13.432 ms - -[0m
2025-07-04 00:54:14 info: [0mGET /users?search=&page=1&limit=5 [36m304[0m 49.870 ms - -[0m
2025-07-04 00:54:19 info: [0mGET /users?search=&page=1&limit=5 [36m304[0m 23.843 ms - -[0m
2025-07-04 00:54:49 info: [0mGET /users?search=&page=1&limit=5 [36m304[0m 25.474 ms - -[0m
2025-07-04 00:54:53 info: [0mGET /users?search=&page=1&limit=5 [36m304[0m 13.306 ms - -[0m
2025-07-04 00:55:30 info: [0mGET /users?search=&page=1&limit=5 [36m304[0m 21.691 ms - -[0m
2025-07-04 00:55:33 info: [0mGET /users?search=&page=1&limit=5 [36m304[0m 19.174 ms - -[0m
2025-07-04 00:55:35 info: [0mGET /users?search=Lucas&page=1&limit=5 [36m304[0m 9.939 ms - -[0m
2025-07-04 00:55:38 info: [0mGET /users?search=&page=1&limit=5 [36m304[0m 11.066 ms - -[0m
2025-07-04 00:55:43 info: [0mGET /users?search=hola&page=1&limit=5 [32m200[0m 13.047 ms - 94[0m
2025-07-04 00:55:46 info: [0mGET /users?page=1&limit=5 [32m200[0m 14.885 ms - -[0m
2025-07-04 00:55:58 info: [0mGET /users?page=2&limit=5 [32m200[0m 10.824 ms - 303[0m
2025-07-04 00:56:00 info: [0mGET /users?page=1&limit=5 [36m304[0m 25.316 ms - -[0m
2025-07-04 00:59:34 info: [0mGET /users?search=&page=1&limit=5 [36m304[0m 12.022 ms - -[0m
2025-07-04 00:59:34 info: [0mGET /users?search=&page=1&limit=5 [36m304[0m 11.584 ms - -[0m
2025-07-04 00:59:52 info: [0mGET /users?search=&page=1&limit=5 [36m304[0m 13.706 ms - -[0m
2025-07-04 01:00:18 info: [0mGET /users?search=&page=1&limit=5 [36m304[0m 12.108 ms - -[0m
2025-07-04 01:00:24 info: [0mGET /users?search=&page=1&limit=5 [36m304[0m 10.138 ms - -[0m
2025-07-04 01:00:46 info: [0mGET /users?search=&page=1&limit=5 [36m304[0m 19.873 ms - -[0m
2025-07-04 01:00:46 info: [0mGET /users?search=&page=1&limit=5 [36m304[0m 89.817 ms - -[0m
2025-07-04 01:00:49 info: [0mGET /users?search=&page=1&limit=5 [36m304[0m 37.028 ms - -[0m
2025-07-04 01:01:07 info: [0mPOST /users [32m201[0m 143.490 ms - 236[0m
2025-07-04 01:01:07 info: [0mGET /users?search=&page=1&limit=5 [32m200[0m 12.652 ms - -[0m
2025-07-04 01:01:09 info: [0mGET /users?search=&page=2&limit=5 [32m200[0m 13.961 ms - 511[0m
2025-07-04 01:01:10 info: [0mGET /users?search=&page=1&limit=5 [36m304[0m 18.708 ms - -[0m
2025-07-04 01:01:12 info: [0mGET /users/68675a03ef612341a3476f04 [32m200[0m 10.979 ms - 236[0m
2025-07-04 01:02:01 info: [0mGET /users?search=&page=1&limit=5 [36m304[0m 31.506 ms - -[0m
2025-07-04 01:02:07 info: [0mGET /users/68675a03ef612341a3476f04 [36m304[0m 11.679 ms - -[0m
2025-07-04 01:02:19 error: [PUT] /users/68675a03ef612341a3476f04 >> StatusCode:: 400, Message:: property userId should not exist
2025-07-04 01:02:19 info: [0mPUT /users/68675a03ef612341a3476f04 [33m400[0m 5.861 ms - 46[0m
2025-07-04 01:02:19 info: [0mGET /users?search=&page=1&limit=5 [36m304[0m 26.145 ms - -[0m
2025-07-04 01:03:41 info: [0mGET /users/68675a03ef612341a3476f04 [36m304[0m 23.602 ms - -[0m
2025-07-04 01:03:44 error: [PUT] /users/undefined >> StatusCode:: 500, Message:: Cast to ObjectId failed for value "undefined" (type string) at path "_id" for model "User"
2025-07-04 01:03:44 info: [0mPUT /users/undefined [31m500[0m 14.917 ms - 110[0m
2025-07-04 01:03:44 info: [0mGET /users?search=&page=1&limit=5 [36m304[0m 8.889 ms - -[0m
2025-07-04 01:04:22 info: [0mGET /users?search=&page=1&limit=5 [36m304[0m 9.894 ms - -[0m
2025-07-04 01:04:35 info: [0mGET /users?search=&page=1&limit=5 [36m304[0m 10.880 ms - -[0m
2025-07-04 01:04:35 info: [0mGET /users?search=&page=1&limit=5 [36m304[0m 10.628 ms - -[0m
2025-07-04 01:04:38 info: [0mGET /users?search=&page=1&limit=5 [36m304[0m 17.363 ms - -[0m
2025-07-04 01:05:21 info: [0mGET /users?search=&page=1&limit=5 [36m304[0m 10.128 ms - -[0m
2025-07-04 01:05:24 info: [0mGET /users?search=&page=1&limit=5 [36m304[0m 40.303 ms - -[0m
2025-07-04 01:05:25 info: [0mGET /users/68675a03ef612341a3476f04 [36m304[0m 6.355 ms - -[0m
2025-07-04 01:05:29 info: [0mPUT /users/68675a03ef612341a3476f04 [32m200[0m 26.877 ms - 243[0m
2025-07-04 01:05:29 info: [0mGET /users?search=&page=1&limit=5 [32m200[0m 21.929 ms - -[0m
2025-07-04 01:05:39 info: [0mGET /users?search=&page=1&limit=5 [36m304[0m 10.170 ms - -[0m
2025-07-04 01:06:57 info: [0mGET /users?search=&page=1&limit=5 [36m304[0m 8.816 ms - -[0m
2025-07-04 01:07:07 info: [0mGET /users?search=&page=1&limit=5 [36m304[0m 9.975 ms - -[0m
2025-07-04 01:07:25 info: [0mGET /users?search=&page=1&limit=5 [36m304[0m 12.329 ms - -[0m
2025-07-04 01:08:36 info: [0mGET /users?search=&page=1&limit=5 [36m304[0m 11.127 ms - -[0m
2025-07-04 01:08:45 info: [0mGET /users?search=&page=1&limit=5 [36m304[0m 26.788 ms - -[0m
2025-07-04 01:08:56 info: [0mGET /users?search=&page=1&limit=5 [36m304[0m 11.379 ms - -[0m
2025-07-04 01:09:31 info: [0mGET /users?search=&page=1&limit=5 [36m304[0m 19.946 ms - -[0m
2025-07-04 01:09:41 info: [0mGET /users?search=&page=1&limit=5 [36m304[0m 35.335 ms - -[0m
2025-07-04 01:09:44 info: [0mGET /users?search=&page=1&limit=5 [36m304[0m 30.140 ms - -[0m
2025-07-04 01:10:13 info: [0mGET /users?search=&page=1&limit=5 [36m304[0m 22.027 ms - -[0m
2025-07-04 01:10:20 error: [DELETE] /users/NaN >> StatusCode:: 500, Message:: Cast to ObjectId failed for value "NaN" (type string) at path "_id" for model "User"
2025-07-04 01:10:20 info: [0mDELETE /users/NaN [31m500[0m 3.758 ms - 104[0m
2025-07-04 01:10:20 info: [0mGET /users?search=&page=1&limit=5 [36m304[0m 17.718 ms - -[0m
2025-07-04 01:11:14 info: [0mGET /users?search=&page=1&limit=5 [36m304[0m 11.471 ms - -[0m
2025-07-04 01:11:20 info: [0mGET /users?search=&page=1&limit=5 [36m304[0m 9.576 ms - -[0m
2025-07-04 01:11:39 info: [0mGET /users?search=&page=1&limit=5 [36m304[0m 11.824 ms - -[0m
2025-07-04 01:11:50 info: [0mGET /users?search=&page=1&limit=5 [36m304[0m 48.412 ms - -[0m
2025-07-04 01:11:54 info: [0mDELETE /users/68675a03ef612341a3476f04 [32m200[0m 11.245 ms - 243[0m
2025-07-04 01:11:54 info: [0mGET /users?search=&page=1&limit=5 [36m304[0m 12.453 ms - -[0m
2025-07-04 01:12:04 info: [0mGET /users?search=&page=1&limit=5 [36m304[0m 13.975 ms - -[0m
2025-07-04 01:14:14 info: =================================
2025-07-04 01:14:14 info: ======= ENV: development =======
2025-07-04 01:14:14 info: 🚀 App listening on the port 3000
2025-07-04 01:14:14 info: =================================
2025-07-04 01:14:14 info: [0mDELETE /users/68675a03ef612341a3476f04 [32m200[0m 69.207 ms - 243[0m
2025-07-04 01:14:14 info: [0mGET /users?search=&page=1&limit=5 [36m304[0m 38.444 ms - -[0m
2025-07-04 01:14:23 info: [0mGET /users?search=&page=1&limit=5 [36m304[0m 20.418 ms - -[0m
2025-07-04 01:15:15 info: =================================
2025-07-04 01:15:15 info: ======= ENV: development =======
2025-07-04 01:15:15 info: 🚀 App listening on the port 3000
2025-07-04 01:15:15 info: =================================
2025-07-04 01:15:16 info: [0mDELETE /users/68675a03ef612341a3476f04 [32m200[0m 109.398 ms - 265[0m
2025-07-04 01:15:16 info: [0mGET /users?search=&page=1&limit=5 [36m304[0m 45.146 ms - -[0m
2025-07-04 01:15:21 info: [0mGET /users?search=&page=1&limit=5 [36m304[0m 23.596 ms - -[0m
2025-07-04 01:15:35 info: [0mGET /users?search=&page=1&limit=5 [36m304[0m 13.037 ms - -[0m
2025-07-04 01:15:48 info: =================================
2025-07-04 01:15:48 info: ======= ENV: development =======
2025-07-04 01:15:48 info: 🚀 App listening on the port 3000
2025-07-04 01:15:48 info: =================================
2025-07-04 01:15:51 info: [0mGET /users?search=&page=1&limit=5 [36m304[0m 56.943 ms - -[0m
2025-07-04 01:15:55 info: [0mDELETE /users/68675a03ef612341a3476f04 [32m200[0m 26.126 ms - 265[0m
2025-07-04 01:15:56 info: [0mGET /users?search=&page=1&limit=5 [36m304[0m 25.500 ms - -[0m
2025-07-04 01:16:04 info: [0mGET /users?search=&page=1&limit=5 [36m304[0m 43.715 ms - -[0m
2025-07-04 01:17:00 info: =================================
2025-07-04 01:17:00 info: ======= ENV: development =======
2025-07-04 01:17:00 info: 🚀 App listening on the port 3000
2025-07-04 01:17:00 info: =================================
2025-07-04 01:17:03 info: [0mGET /users?search=&page=1&limit=5 [36m304[0m 63.217 ms - -[0m
2025-07-04 01:17:43 info: [0mGET /users?search=&page=1&limit=5 [36m304[0m 25.104 ms - -[0m
2025-07-04 01:17:45 info: [0mGET /users?search=&page=2&limit=5 [36m304[0m 30.956 ms - -[0m
2025-07-04 01:17:46 info: [0mGET /users?search=&page=1&limit=5 [36m304[0m 16.839 ms - -[0m
2025-07-04 01:18:34 info: =================================
2025-07-04 01:18:34 info: ======= ENV: development =======
2025-07-04 01:18:34 info: 🚀 App listening on the port 3000
2025-07-04 01:18:34 info: =================================
2025-07-04 01:18:37 info: [0mGET /users?search=&page=1&limit=5 [36m304[0m 72.750 ms - -[0m
2025-07-04 01:18:39 info: [0mDELETE /users/68675a03ef612341a3476f04 [32m200[0m 30.043 ms - 265[0m
2025-07-04 01:18:39 info: [0mGET /users?search=&page=1&limit=5 [36m304[0m 34.023 ms - -[0m
2025-07-04 01:18:45 info: [0mGET /users?search=&page=1&limit=5 [36m304[0m 131.550 ms - -[0m
2025-07-04 01:19:05 info: =================================
2025-07-04 01:19:05 info: ======= ENV: development =======
2025-07-04 01:19:05 info: 🚀 App listening on the port 3000
2025-07-04 01:19:05 info: =================================
2025-07-04 01:19:25 info: =================================
2025-07-04 01:19:25 info: ======= ENV: development =======
2025-07-04 01:19:25 info: 🚀 App listening on the port 3000
2025-07-04 01:19:25 info: =================================
2025-07-04 01:19:40 info: =================================
2025-07-04 01:19:40 info: ======= ENV: development =======
2025-07-04 01:19:40 info: 🚀 App listening on the port 3000
2025-07-04 01:19:40 info: =================================
2025-07-04 01:20:26 info: =================================
2025-07-04 01:20:26 info: ======= ENV: development =======
2025-07-04 01:20:26 info: 🚀 App listening on the port 3000
2025-07-04 01:20:26 info: =================================
2025-07-04 01:20:34 info: =================================
2025-07-04 01:20:34 info: ======= ENV: development =======
2025-07-04 01:20:34 info: 🚀 App listening on the port 3000
2025-07-04 01:20:34 info: =================================
2025-07-04 01:20:40 info: =================================
2025-07-04 01:20:40 info: ======= ENV: development =======
2025-07-04 01:20:40 info: 🚀 App listening on the port 3000
2025-07-04 01:20:40 info: =================================
2025-07-04 01:20:41 info: [0mGET /users?search=&page=1&limit=5 [36m304[0m 69.686 ms - -[0m
2025-07-04 01:20:43 info: [0mDELETE /users/68675a03ef612341a3476f04 [32m200[0m 30.283 ms - 265[0m
2025-07-04 01:20:44 info: [0mGET /users?search=&page=1&limit=5 [32m200[0m 22.781 ms - -[0m
2025-07-04 01:20:46 info: [0mGET /users?search=&page=1&limit=5 [36m304[0m 18.267 ms - -[0m
2025-07-04 01:21:32 info: [0mGET /users?search=&page=2&limit=5 [32m200[0m 34.202 ms - 301[0m
2025-07-04 01:21:33 info: [0mGET /users?search=&page=1&limit=5 [36m304[0m 20.886 ms - -[0m
2025-07-04 01:22:33 info: =================================
2025-07-04 01:22:33 info: ======= ENV: development =======
2025-07-04 01:22:33 info: 🚀 App listening on the port 3000
2025-07-04 01:22:33 info: =================================
2025-07-04 01:22:35 info: [0mGET /users?search=&page=1&limit=5 [32m200[0m 71.526 ms - -[0m
2025-07-04 01:34:01 info: [0mGET /users?search=&page=1&limit=5 [36m304[0m 19.897 ms - -[0m
2025-07-04 01:34:23 info: [0mGET /users?search=&page=1&limit=5 [36m304[0m 14.604 ms - -[0m
2025-07-04 01:38:00 info: [0mPOST /auth/login [32m200[0m 242.192 ms - 278[0m
2025-07-04 01:38:00 info: [0mGET /users?search=&page=1&limit=5 [36m304[0m 28.198 ms - -[0m
2025-07-04 01:51:48 error: [POST] /projects >> StatusCode:: 404, Message:: Authentication token missing
2025-07-04 01:51:48 info: [0mPOST /projects [33m404[0m 9.801 ms - 42[0m
2025-07-04 01:53:07 info: =================================
2025-07-04 01:53:07 info: ======= ENV: development =======
2025-07-04 01:53:07 info: 🚀 App listening on the port 3000
2025-07-04 01:53:08 info: =================================
2025-07-04 01:53:44 info: [0mPOST /auth/login [32m200[0m 238.887 ms - 278[0m
2025-07-04 01:53:45 info: [0mGET /users?search=&page=1&limit=5 [36m304[0m 98.062 ms - -[0m
2025-07-04 01:54:13 error: [POST] /projects >> StatusCode:: 404, Message:: Authentication token missing
2025-07-04 01:54:13 info: [0mPOST /projects [33m404[0m 6.771 ms - 42[0m
2025-07-04 01:58:08 error: [POST] /projects >> StatusCode:: 500, Message:: Project validation failed: exit_depth: Path `exit_depth` is required., departure_date: Path `departure_date` is required.
2025-07-04 01:58:08 info: [0mPOST /projects [31m500[0m 35.996 ms - 135[0m
2025-07-04 02:01:03 info: =================================
2025-07-04 02:01:03 info: ======= ENV: development =======
2025-07-04 02:01:03 info: 🚀 App listening on the port 3000
2025-07-04 02:01:03 info: =================================
2025-07-04 02:01:03 info: [0mPOST /projects [32m201[0m 147.775 ms - 43[0m
2025-07-04 02:05:13 info: =================================
2025-07-04 02:05:13 info: ======= ENV: development =======
2025-07-04 02:05:13 info: 🚀 App listening on the port 3000
2025-07-04 02:05:13 info: =================================
2025-07-04 02:06:04 info: =================================
2025-07-04 02:06:04 info: ======= ENV: development =======
2025-07-04 02:06:04 info: 🚀 App listening on the port 3000
2025-07-04 02:06:04 info: =================================
2025-07-04 02:06:41 info: =================================
2025-07-04 02:06:41 info: ======= ENV: development =======
2025-07-04 02:06:41 info: 🚀 App listening on the port 3000
2025-07-04 02:06:41 info: =================================
2025-07-04 02:06:50 info: =================================
2025-07-04 02:06:50 info: ======= ENV: development =======
2025-07-04 02:06:50 info: 🚀 App listening on the port 3000
2025-07-04 02:06:50 info: =================================
2025-07-04 02:06:57 info: =================================
2025-07-04 02:06:57 info: ======= ENV: development =======
2025-07-04 02:06:57 info: 🚀 App listening on the port 3000
2025-07-04 02:06:57 info: =================================
2025-07-04 02:07:04 info: =================================
2025-07-04 02:07:04 info: ======= ENV: development =======
2025-07-04 02:07:04 info: 🚀 App listening on the port 3000
2025-07-04 02:07:04 info: =================================
2025-07-04 02:11:33 info: [0mGET /projects?search=&page=1&limit=5 [32m200[0m 75.805 ms - 387[0m
2025-07-04 02:12:08 info: [0mGET /projects?search=&page=1&limit=5 [36m304[0m 32.015 ms - -[0m
2025-07-04 02:12:15 info: [0mGET /projects?search=&page=1&limit=5 [36m304[0m 38.165 ms - -[0m
2025-07-04 02:12:23 info: [0mGET /projects?search=&page=1&limit=5 [36m304[0m 34.232 ms - -[0m
2025-07-04 02:13:48 info: [0mGET /projects?search=&page=1&limit=5 [36m304[0m 54.545 ms - -[0m
2025-07-04 02:13:51 info: [0mGET /projects?search=&page=1&limit=5 [36m304[0m 39.540 ms - -[0m
2025-07-04 02:17:20 info: =================================
2025-07-04 02:17:20 info: ======= ENV: development =======
2025-07-04 02:17:20 info: 🚀 App listening on the port 3000
2025-07-04 02:17:20 info: =================================
2025-07-04 02:17:38 info: =================================
2025-07-04 02:17:38 info: ======= ENV: development =======
2025-07-04 02:17:38 info: 🚀 App listening on the port 3000
2025-07-04 02:17:38 info: =================================
2025-07-04 02:17:46 info: =================================
2025-07-04 02:17:46 info: ======= ENV: development =======
2025-07-04 02:17:46 info: 🚀 App listening on the port 3000
2025-07-04 02:17:46 info: =================================
2025-07-04 02:18:35 info: =================================
2025-07-04 02:18:35 info: ======= ENV: development =======
2025-07-04 02:18:35 info: 🚀 App listening on the port 3000
2025-07-04 02:18:35 info: =================================
2025-07-04 02:19:25 info: [0mGET /projects?search=&page=1&limit=5 [36m304[0m 209.055 ms - -[0m
2025-07-04 02:19:31 info: [0mGET /projects?search=&page=1&limit=5 [36m304[0m 24.929 ms - -[0m
2025-07-04 02:19:41 info: [0mGET /projects?search=&page=1&limit=5 [36m304[0m 23.635 ms - -[0m
2025-07-04 02:19:41 info: [0mGET /projects?search=&page=1&limit=5 [36m304[0m 25.118 ms - -[0m
2025-07-04 02:23:55 info: [0mGET /projects?search=&page=1&limit=5 [36m304[0m 84.651 ms - -[0m
2025-07-04 02:23:58 info: [0mGET /projects/68676e1f022edd14c03f91ae [32m200[0m 62.500 ms - 322[0m
2025-07-04 02:25:46 info: =================================
2025-07-04 02:25:46 info: ======= ENV: development =======
2025-07-04 02:25:46 info: 🚀 App listening on the port 3000
2025-07-04 02:25:46 info: =================================
2025-07-04 02:25:56 info: [0mGET /projects/68676e1f022edd14c03f91ae [36m304[0m 70.708 ms - -[0m
2025-07-04 02:26:25 info: [0mPOST /projects/68676e1f022edd14c03f91ae/bha [32m201[0m 132.996 ms - 118[0m
2025-07-04 02:26:25 info: [0mGET /projects/68676e1f022edd14c03f91ae [32m200[0m 37.975 ms - 427[0m
2025-07-04 02:26:36 info: [0mGET /projects/68676e1f022edd14c03f91ae [36m304[0m 43.705 ms - -[0m
2025-07-04 02:47:49 info: [0mGET /projects/68676e1f022edd14c03f91ae [36m304[0m 192.864 ms - -[0m
2025-07-04 02:55:04 info: =================================
2025-07-04 02:55:04 info: ======= ENV: development =======
2025-07-04 02:55:04 info: 🚀 App listening on the port 3000
2025-07-04 02:55:04 info: =================================
2025-07-04 03:06:32 error: [POST] /projects/68676e1f022edd14c03f91ae/perforation >> StatusCode:: 401, Message:: Wrong authentication token
2025-07-04 03:06:32 info: [0mPOST /projects/68676e1f022edd14c03f91ae/perforation [33m401[0m 72.115 ms - 40[0m
2025-07-04 03:06:32 error: [GET] /projects/68676e1f022edd14c03f91ae >> StatusCode:: 401, Message:: Wrong authentication token
2025-07-04 03:06:32 info: [0mGET /projects/68676e1f022edd14c03f91ae [33m401[0m 217.285 ms - 40[0m
2025-07-04 03:07:09 info: [0mPOST /auth/login [32m200[0m 159.353 ms - 278[0m
2025-07-04 03:07:10 info: [0mGET /users?search=&page=1&limit=5 [36m304[0m 73.436 ms - -[0m
2025-07-04 03:07:12 info: [0mGET /projects?search=&page=1&limit=5 [32m200[0m 114.828 ms - 492[0m
2025-07-04 03:07:16 info: [0mGET /projects/68676e1f022edd14c03f91ae [36m304[0m 57.846 ms - -[0m
2025-07-04 03:07:45 error: [POST] /projects/68676e1f022edd14c03f91ae/perforation >> StatusCode:: 400, Message:: property bha should not exist, property tfo should not exist, pierced_feet_kpi must be a number conforming to the specified constraints
2025-07-04 03:07:45 info: [0mPOST /projects/68676e1f022edd14c03f91ae/perforation [33m400[0m 48.637 ms - 149[0m
2025-07-04 03:07:45 info: [0mGET /projects/68676e1f022edd14c03f91ae [36m304[0m 100.866 ms - -[0m
2025-07-04 09:29:58 error: [GET] /projects/68676e1f022edd14c03f91ae >> StatusCode:: 401, Message:: Wrong authentication token
2025-07-04 09:29:58 info: [0mGET /projects/68676e1f022edd14c03f91ae [33m401[0m 38.049 ms - 40[0m
2025-07-04 09:31:33 info: =================================
2025-07-04 09:31:33 info: ======= ENV: development =======
2025-07-04 09:31:33 info: 🚀 App listening on the port 3000
2025-07-04 09:31:33 info: =================================
2025-07-04 09:33:01 info: =================================
2025-07-04 09:33:01 info: ======= ENV: development =======
2025-07-04 09:33:01 info: 🚀 App listening on the port 3000
2025-07-04 09:33:01 info: =================================
2025-07-04 09:35:57 info: [0mPOST /auth/login [32m200[0m 213.915 ms - 278[0m
2025-07-04 09:35:57 info: [0mGET /users?search=&page=1&limit=5 [36m304[0m 41.297 ms - -[0m
2025-07-04 09:36:07 info: [0mGET /projects?search=&page=1&limit=5 [36m304[0m 43.804 ms - -[0m
2025-07-04 09:37:22 info: [0mGET /projects/68676e1f022edd14c03f91ae [36m304[0m 24.232 ms - -[0m
2025-07-04 09:38:11 error: [POST] /projects/68676e1f022edd14c03f91ae/perforation >> StatusCode:: 400, Message:: property bha should not exist, property tfo should not exist, pierced_feet_kpi must be a number conforming to the specified constraints
2025-07-04 09:38:11 info: [0mPOST /projects/68676e1f022edd14c03f91ae/perforation [33m400[0m 40.477 ms - 149[0m
2025-07-04 09:38:11 info: [0mGET /projects/68676e1f022edd14c03f91ae [36m304[0m 57.134 ms - -[0m
2025-07-04 09:38:48 info: =================================
2025-07-04 09:38:48 info: ======= ENV: development =======
2025-07-04 09:38:48 info: 🚀 App listening on the port 3000
2025-07-04 09:38:48 info: =================================
2025-07-04 09:40:30 info: =================================
2025-07-04 09:40:30 info: ======= ENV: development =======
2025-07-04 09:40:30 info: 🚀 App listening on the port 3000
2025-07-04 09:40:30 info: =================================
2025-07-04 09:46:19 error: [POST] /projects/68676e1f022edd14c03f91ae/perforation >> StatusCode:: 400, Message:: property tfo should not exist
2025-07-04 09:46:19 info: [0mPOST /projects/68676e1f022edd14c03f91ae/perforation [33m400[0m 424.920 ms - 43[0m
2025-07-04 09:46:19 info: [0mGET /projects/68676e1f022edd14c03f91ae [36m304[0m 62.280 ms - -[0m
2025-07-04 09:47:08 info: =================================
2025-07-04 09:47:08 info: ======= ENV: development =======
2025-07-04 09:47:08 info: 🚀 App listening on the port 3000
2025-07-04 09:47:08 info: =================================
2025-07-04 09:47:30 info: =================================
2025-07-04 09:47:30 info: ======= ENV: development =======
2025-07-04 09:47:30 info: 🚀 App listening on the port 3000
2025-07-04 09:47:30 info: =================================
2025-07-04 09:47:47 error: [POST] /projects/68676e1f022edd14c03f91ae/perforation >> StatusCode:: 500, Message:: Project validation failed: perforations.0.depth_from: Path `depth_from` is required., perforations.0.time: Path `time` is required., perforations.0.from_time: Path `from_time` is required.
2025-07-04 09:47:47 info: [0mPOST /projects/68676e1f022edd14c03f91ae/perforation [31m500[0m 196.632 ms - 202[0m
2025-07-04 09:52:19 info: =================================
2025-07-04 09:52:19 info: ======= ENV: development =======
2025-07-04 09:52:19 info: 🚀 App listening on the port 3000
2025-07-04 09:52:19 info: =================================
2025-07-04 10:01:06 info: =================================
2025-07-04 10:01:06 info: ======= ENV: development =======
2025-07-04 10:01:06 info: 🚀 App listening on the port 3000
2025-07-04 10:01:06 info: =================================
2025-07-04 10:01:25 info: =================================
2025-07-04 10:01:25 info: ======= ENV: development =======
2025-07-04 10:01:25 info: 🚀 App listening on the port 3000
2025-07-04 10:01:25 info: =================================
2025-07-04 10:19:36 info: =================================
2025-07-04 10:19:36 info: ======= ENV: development =======
2025-07-04 10:19:36 info: 🚀 App listening on the port 3000
2025-07-04 10:19:36 info: =================================
