2025-07-13 14:13:13 info: =================================
2025-07-13 14:13:13 info: ======= ENV: development =======
2025-07-13 14:13:13 info: 🚀 App listening on the port 3000
2025-07-13 14:13:13 info: =================================
2025-07-13 14:13:44 info: [0mPOST /auth/login [32m200[0m 263.198 ms - 278[0m
2025-07-13 14:13:46 info: [0mGET /users?search=&page=1&limit=5 [36m304[0m 135.096 ms - -[0m
2025-07-13 14:13:55 info: [0mGET /projects?search=&page=1&limit=5 [32m200[0m 89.803 ms - -[0m
2025-07-13 14:13:58 info: [0mGET /projects/686b051761972b2cc9c3dfd2 [32m200[0m 29.490 ms - 931[0m
2025-07-13 14:14:49 info: [0mPOST /projects/686b051761972b2cc9c3dfd2/static-data [32m201[0m 81.028 ms - 531[0m
2025-07-13 14:14:50 info: [0mGET /projects/686b051761972b2cc9c3dfd2 [32m200[0m 28.450 ms - 932[0m
2025-07-13 14:14:56 info: [0mGET /projects/686b051761972b2cc9c3dfd2 [36m304[0m 30.793 ms - -[0m
2025-07-13 14:31:47 info: =================================
2025-07-13 14:31:47 info: ======= ENV: development =======
2025-07-13 14:31:47 info: 🚀 App listening on the port 3000
2025-07-13 14:31:47 info: =================================
2025-07-13 14:32:47 info: =================================
2025-07-13 14:32:47 info: ======= ENV: development =======
2025-07-13 14:32:47 info: 🚀 App listening on the port 3000
2025-07-13 14:32:47 info: =================================
2025-07-13 14:33:07 info: =================================
2025-07-13 14:33:07 info: ======= ENV: development =======
2025-07-13 14:33:07 info: 🚀 App listening on the port 3000
2025-07-13 14:33:07 info: =================================
2025-07-13 14:33:15 info: =================================
2025-07-13 14:33:15 info: ======= ENV: development =======
2025-07-13 14:33:15 info: 🚀 App listening on the port 3000
2025-07-13 14:33:15 info: =================================
2025-07-13 14:40:26 info: =================================
2025-07-13 14:40:26 info: ======= ENV: development =======
2025-07-13 14:40:26 info: 🚀 App listening on the port 3000
2025-07-13 14:40:26 info: =================================
2025-07-13 14:41:03 info: =================================
2025-07-13 14:41:03 info: ======= ENV: development =======
2025-07-13 14:41:03 info: 🚀 App listening on the port 3000
2025-07-13 14:41:03 info: =================================
2025-07-13 14:41:12 info: =================================
2025-07-13 14:41:12 info: ======= ENV: development =======
2025-07-13 14:41:12 info: 🚀 App listening on the port 3000
2025-07-13 14:41:12 info: =================================
2025-07-13 14:43:26 info: =================================
2025-07-13 14:43:26 info: ======= ENV: development =======
2025-07-13 14:43:26 info: 🚀 App listening on the port 3000
2025-07-13 14:43:26 info: =================================
2025-07-13 14:43:48 info: =================================
2025-07-13 14:43:48 info: ======= ENV: development =======
2025-07-13 14:43:48 info: 🚀 App listening on the port 3000
2025-07-13 14:43:48 info: =================================
2025-07-13 14:44:01 info: =================================
2025-07-13 14:44:01 info: ======= ENV: development =======
2025-07-13 14:44:01 info: 🚀 App listening on the port 3000
2025-07-13 14:44:01 info: =================================
2025-07-13 14:45:05 info: =================================
2025-07-13 14:45:05 info: ======= ENV: development =======
2025-07-13 14:45:05 info: 🚀 App listening on the port 3000
2025-07-13 14:45:05 info: =================================
2025-07-13 14:45:50 info: =================================
2025-07-13 14:45:50 info: ======= ENV: development =======
2025-07-13 14:45:50 info: 🚀 App listening on the port 3000
2025-07-13 14:45:50 info: =================================
2025-07-13 14:50:32 info: =================================
2025-07-13 14:50:32 info: ======= ENV: development =======
2025-07-13 14:50:32 info: 🚀 App listening on the port 3000
2025-07-13 14:50:32 info: =================================
2025-07-13 15:33:06 info: =================================
2025-07-13 15:33:06 info: ======= ENV: development =======
2025-07-13 15:33:06 info: 🚀 App listening on the port 3000
2025-07-13 15:33:06 info: =================================
2025-07-13 15:33:11 info: =================================
2025-07-13 15:33:11 info: ======= ENV: development =======
2025-07-13 15:33:11 info: 🚀 App listening on the port 3000
2025-07-13 15:33:11 info: =================================
2025-07-13 15:35:05 info: =================================
2025-07-13 15:35:05 info: ======= ENV: development =======
2025-07-13 15:35:05 info: 🚀 App listening on the port 3000
2025-07-13 15:35:05 info: =================================
2025-07-13 15:35:30 info: =================================
2025-07-13 15:35:30 info: ======= ENV: development =======
2025-07-13 15:35:30 info: 🚀 App listening on the port 3000
2025-07-13 15:35:30 info: =================================
2025-07-13 15:35:40 info: =================================
2025-07-13 15:35:40 info: ======= ENV: development =======
2025-07-13 15:35:40 info: 🚀 App listening on the port 3000
2025-07-13 15:35:40 info: =================================
2025-07-13 15:38:20 info: =================================
2025-07-13 15:38:20 info: ======= ENV: development =======
2025-07-13 15:38:20 info: 🚀 App listening on the port 3000
2025-07-13 15:38:20 info: =================================
2025-07-13 15:39:01 info: =================================
2025-07-13 15:39:01 info: ======= ENV: development =======
2025-07-13 15:39:01 info: 🚀 App listening on the port 3000
2025-07-13 15:39:01 info: =================================
2025-07-13 15:39:27 info: =================================
2025-07-13 15:39:27 info: ======= ENV: development =======
2025-07-13 15:39:27 info: 🚀 App listening on the port 3000
2025-07-13 15:39:27 info: =================================
2025-07-13 15:46:52 info: =================================
2025-07-13 15:46:52 info: ======= ENV: development =======
2025-07-13 15:46:52 info: 🚀 App listening on the port 3000
2025-07-13 15:46:52 info: =================================
2025-07-13 15:47:10 info: =================================
2025-07-13 15:47:10 info: ======= ENV: development =======
2025-07-13 15:47:10 info: 🚀 App listening on the port 3000
2025-07-13 15:47:10 info: =================================
2025-07-13 15:48:00 info: =================================
2025-07-13 15:48:00 info: ======= ENV: development =======
2025-07-13 15:48:00 info: 🚀 App listening on the port 3000
2025-07-13 15:48:00 info: =================================
2025-07-13 15:48:08 info: =================================
2025-07-13 15:48:08 info: ======= ENV: development =======
2025-07-13 15:48:08 info: 🚀 App listening on the port 3000
2025-07-13 15:48:08 info: =================================
2025-07-13 15:48:39 info: =================================
2025-07-13 15:48:39 info: ======= ENV: development =======
2025-07-13 15:48:39 info: 🚀 App listening on the port 3000
2025-07-13 15:48:39 info: =================================
2025-07-13 15:48:43 info: =================================
2025-07-13 15:48:43 info: ======= ENV: development =======
2025-07-13 15:48:43 info: 🚀 App listening on the port 3000
2025-07-13 15:48:43 info: =================================
2025-07-13 15:50:27 info: =================================
2025-07-13 15:50:27 info: ======= ENV: development =======
2025-07-13 15:50:27 info: 🚀 App listening on the port 3000
2025-07-13 15:50:27 info: =================================
2025-07-13 15:50:55 info: =================================
2025-07-13 15:50:55 info: ======= ENV: development =======
2025-07-13 15:50:55 info: 🚀 App listening on the port 3000
2025-07-13 15:50:55 info: =================================
2025-07-13 15:51:56 info: =================================
2025-07-13 15:51:56 info: ======= ENV: development =======
2025-07-13 15:51:56 info: 🚀 App listening on the port 3000
2025-07-13 15:51:56 info: =================================
2025-07-13 15:52:05 info: =================================
2025-07-13 15:52:05 info: ======= ENV: development =======
2025-07-13 15:52:05 info: 🚀 App listening on the port 3000
2025-07-13 15:52:05 info: =================================
2025-07-13 15:54:20 info: =================================
2025-07-13 15:54:20 info: ======= ENV: development =======
2025-07-13 15:54:20 info: 🚀 App listening on the port 3000
2025-07-13 15:54:20 info: =================================
2025-07-13 15:54:47 info: =================================
2025-07-13 15:54:47 info: ======= ENV: development =======
2025-07-13 15:54:47 info: 🚀 App listening on the port 3000
2025-07-13 15:54:47 info: =================================
2025-07-13 15:55:42 info: =================================
2025-07-13 15:55:42 info: ======= ENV: development =======
2025-07-13 15:55:42 info: 🚀 App listening on the port 3000
2025-07-13 15:55:42 info: =================================
2025-07-13 15:56:23 info: =================================
2025-07-13 15:56:23 info: ======= ENV: development =======
2025-07-13 15:56:23 info: 🚀 App listening on the port 3000
2025-07-13 15:56:23 info: =================================
2025-07-13 15:58:13 info: =================================
2025-07-13 15:58:13 info: ======= ENV: development =======
2025-07-13 15:58:13 info: 🚀 App listening on the port 3000
2025-07-13 15:58:13 info: =================================
2025-07-13 15:58:29 info: =================================
2025-07-13 15:58:29 info: ======= ENV: development =======
2025-07-13 15:58:29 info: 🚀 App listening on the port 3000
2025-07-13 15:58:29 info: =================================
2025-07-13 15:59:31 info: =================================
2025-07-13 15:59:31 info: ======= ENV: development =======
2025-07-13 15:59:31 info: 🚀 App listening on the port 3000
2025-07-13 15:59:31 info: =================================
2025-07-13 15:59:38 info: =================================
2025-07-13 15:59:38 info: ======= ENV: development =======
2025-07-13 15:59:38 info: 🚀 App listening on the port 3000
2025-07-13 15:59:38 info: =================================
2025-07-13 16:01:42 info: =================================
2025-07-13 16:01:42 info: ======= ENV: development =======
2025-07-13 16:01:42 info: 🚀 App listening on the port 3000
2025-07-13 16:01:42 info: =================================
2025-07-13 16:01:52 info: =================================
2025-07-13 16:01:52 info: ======= ENV: development =======
2025-07-13 16:01:52 info: 🚀 App listening on the port 3000
2025-07-13 16:01:52 info: =================================
2025-07-13 16:13:03 info: =================================
2025-07-13 16:13:03 info: ======= ENV: development =======
2025-07-13 16:13:03 info: 🚀 App listening on the port 3000
2025-07-13 16:13:03 info: =================================
2025-07-13 16:13:16 info: =================================
2025-07-13 16:13:16 info: ======= ENV: development =======
2025-07-13 16:13:16 info: 🚀 App listening on the port 3000
2025-07-13 16:13:16 info: =================================
2025-07-13 16:14:59 info: =================================
2025-07-13 16:14:59 info: ======= ENV: development =======
2025-07-13 16:14:59 info: 🚀 App listening on the port 3000
2025-07-13 16:14:59 info: =================================
2025-07-13 16:15:05 info: =================================
2025-07-13 16:15:05 info: ======= ENV: development =======
2025-07-13 16:15:05 info: 🚀 App listening on the port 3000
2025-07-13 16:15:05 info: =================================
2025-07-13 16:15:15 info: =================================
2025-07-13 16:15:15 info: ======= ENV: development =======
2025-07-13 16:15:15 info: 🚀 App listening on the port 3000
2025-07-13 16:15:15 info: =================================
2025-07-13 16:16:34 info: =================================
2025-07-13 16:16:34 info: ======= ENV: development =======
2025-07-13 16:16:34 info: 🚀 App listening on the port 3000
2025-07-13 16:16:34 info: =================================
2025-07-13 16:16:44 info: =================================
2025-07-13 16:16:44 info: ======= ENV: development =======
2025-07-13 16:16:44 info: 🚀 App listening on the port 3000
2025-07-13 16:16:44 info: =================================
2025-07-13 16:26:36 info: =================================
2025-07-13 16:26:36 info: ======= ENV: development =======
2025-07-13 16:26:36 info: 🚀 App listening on the port 3000
2025-07-13 16:26:36 info: =================================
2025-07-13 16:30:32 info: =================================
2025-07-13 16:30:32 info: ======= ENV: development =======
2025-07-13 16:30:32 info: 🚀 App listening on the port 3000
2025-07-13 16:30:32 info: =================================
2025-07-13 16:30:54 info: =================================
2025-07-13 16:30:54 info: ======= ENV: development =======
2025-07-13 16:30:54 info: 🚀 App listening on the port 3000
2025-07-13 16:30:54 info: =================================
2025-07-13 16:31:26 info: =================================
2025-07-13 16:31:26 info: ======= ENV: development =======
2025-07-13 16:31:26 info: 🚀 App listening on the port 3000
2025-07-13 16:31:26 info: =================================
2025-07-13 16:34:27 info: =================================
2025-07-13 16:34:27 info: ======= ENV: development =======
2025-07-13 16:34:27 info: 🚀 App listening on the port 3000
2025-07-13 16:34:27 info: =================================
2025-07-13 16:36:12 info: =================================
2025-07-13 16:36:12 info: ======= ENV: development =======
2025-07-13 16:36:12 info: 🚀 App listening on the port 3000
2025-07-13 16:36:12 info: =================================
2025-07-13 16:36:20 info: =================================
2025-07-13 16:36:20 info: ======= ENV: development =======
2025-07-13 16:36:20 info: 🚀 App listening on the port 3000
2025-07-13 16:36:20 info: =================================
2025-07-13 16:39:12 info: =================================
2025-07-13 16:39:12 info: ======= ENV: development =======
2025-07-13 16:39:12 info: 🚀 App listening on the port 3000
2025-07-13 16:39:12 info: =================================
2025-07-13 16:39:47 info: =================================
2025-07-13 16:39:47 info: ======= ENV: development =======
2025-07-13 16:39:47 info: 🚀 App listening on the port 3000
2025-07-13 16:39:47 info: =================================
2025-07-13 16:41:33 info: =================================
2025-07-13 16:41:33 info: ======= ENV: development =======
2025-07-13 16:41:33 info: 🚀 App listening on the port 3000
2025-07-13 16:41:33 info: =================================
2025-07-13 16:42:21 info: =================================
2025-07-13 16:42:21 info: ======= ENV: development =======
2025-07-13 16:42:21 info: 🚀 App listening on the port 3000
2025-07-13 16:42:21 info: =================================
2025-07-13 16:42:30 info: =================================
2025-07-13 16:42:30 info: ======= ENV: development =======
2025-07-13 16:42:30 info: 🚀 App listening on the port 3000
2025-07-13 16:42:30 info: =================================
2025-07-13 16:43:59 info: =================================
2025-07-13 16:43:59 info: ======= ENV: development =======
2025-07-13 16:43:59 info: 🚀 App listening on the port 3000
2025-07-13 16:43:59 info: =================================
2025-07-13 16:44:44 info: =================================
2025-07-13 16:44:44 info: ======= ENV: development =======
2025-07-13 16:44:44 info: 🚀 App listening on the port 3000
2025-07-13 16:44:44 info: =================================
2025-07-13 16:47:43 info: =================================
2025-07-13 16:47:43 info: ======= ENV: development =======
2025-07-13 16:47:43 info: 🚀 App listening on the port 3000
2025-07-13 16:47:43 info: =================================
2025-07-13 16:48:28 info: =================================
2025-07-13 16:48:28 info: ======= ENV: development =======
2025-07-13 16:48:28 info: 🚀 App listening on the port 3000
2025-07-13 16:48:28 info: =================================
2025-07-13 16:59:09 info: =================================
2025-07-13 16:59:09 info: ======= ENV: development =======
2025-07-13 16:59:09 info: 🚀 App listening on the port 3000
2025-07-13 16:59:09 info: =================================
2025-07-13 17:00:11 info: =================================
2025-07-13 17:00:11 info: ======= ENV: development =======
2025-07-13 17:00:11 info: 🚀 App listening on the port 3000
2025-07-13 17:00:11 info: =================================
2025-07-13 17:04:40 info: =================================
2025-07-13 17:04:40 info: ======= ENV: development =======
2025-07-13 17:04:40 info: 🚀 App listening on the port 3000
2025-07-13 17:04:40 info: =================================
2025-07-13 17:06:27 info: =================================
2025-07-13 17:06:27 info: ======= ENV: development =======
2025-07-13 17:06:27 info: 🚀 App listening on the port 3000
2025-07-13 17:06:27 info: =================================
2025-07-13 17:09:09 info: =================================
2025-07-13 17:09:09 info: ======= ENV: development =======
2025-07-13 17:09:09 info: 🚀 App listening on the port 3000
2025-07-13 17:09:09 info: =================================
2025-07-13 17:09:18 info: =================================
2025-07-13 17:09:18 info: ======= ENV: development =======
2025-07-13 17:09:18 info: 🚀 App listening on the port 3000
2025-07-13 17:09:18 info: =================================
2025-07-13 17:10:57 info: =================================
2025-07-13 17:10:57 info: ======= ENV: development =======
2025-07-13 17:10:57 info: 🚀 App listening on the port 3000
2025-07-13 17:10:57 info: =================================
2025-07-13 17:12:47 info: =================================
2025-07-13 17:12:47 info: ======= ENV: development =======
2025-07-13 17:12:47 info: 🚀 App listening on the port 3000
2025-07-13 17:12:47 info: =================================
2025-07-13 17:13:14 info: =================================
2025-07-13 17:13:14 info: ======= ENV: development =======
2025-07-13 17:13:14 info: 🚀 App listening on the port 3000
2025-07-13 17:13:14 info: =================================
2025-07-13 17:16:11 info: =================================
2025-07-13 17:16:11 info: ======= ENV: development =======
2025-07-13 17:16:11 info: 🚀 App listening on the port 3000
2025-07-13 17:16:11 info: =================================
2025-07-13 17:16:28 info: =================================
2025-07-13 17:16:28 info: ======= ENV: development =======
2025-07-13 17:16:28 info: 🚀 App listening on the port 3000
2025-07-13 17:16:28 info: =================================
2025-07-13 17:16:43 info: =================================
2025-07-13 17:16:43 info: ======= ENV: development =======
2025-07-13 17:16:43 info: 🚀 App listening on the port 3000
2025-07-13 17:16:43 info: =================================
2025-07-13 17:18:01 info: =================================
2025-07-13 17:18:01 info: ======= ENV: development =======
2025-07-13 17:18:01 info: 🚀 App listening on the port 3000
2025-07-13 17:18:01 info: =================================
2025-07-13 17:19:39 info: =================================
2025-07-13 17:19:39 info: ======= ENV: development =======
2025-07-13 17:19:39 info: 🚀 App listening on the port 3000
2025-07-13 17:19:39 info: =================================
2025-07-13 17:21:10 info: =================================
2025-07-13 17:21:10 info: ======= ENV: development =======
2025-07-13 17:21:10 info: 🚀 App listening on the port 3000
2025-07-13 17:21:10 info: =================================
2025-07-13 17:21:20 info: =================================
2025-07-13 17:21:20 info: ======= ENV: development =======
2025-07-13 17:21:20 info: 🚀 App listening on the port 3000
2025-07-13 17:21:20 info: =================================
2025-07-13 17:21:29 info: =================================
2025-07-13 17:21:29 info: ======= ENV: development =======
2025-07-13 17:21:29 info: 🚀 App listening on the port 3000
2025-07-13 17:21:29 info: =================================
2025-07-13 17:29:05 info: =================================
2025-07-13 17:29:05 info: ======= ENV: development =======
2025-07-13 17:29:05 info: 🚀 App listening on the port 3000
2025-07-13 17:29:05 info: =================================
2025-07-13 17:29:07 error: [GET] /projects/686b051761972b2cc9c3dfd2 >> StatusCode:: 401, Message:: Wrong authentication token
2025-07-13 17:29:07 info: [0mGET /projects/686b051761972b2cc9c3dfd2 [33m401[0m 142.084 ms - 40[0m
2025-07-13 17:29:19 info: [0mPOST /auth/login [32m200[0m 211.184 ms - 278[0m
2025-07-13 17:29:20 info: [0mGET /users?search=&page=1&limit=5 [36m304[0m 50.821 ms - -[0m
2025-07-13 17:29:24 info: [0mGET /projects?search=&page=1&limit=5 [32m200[0m 189.085 ms - -[0m
2025-07-13 17:29:26 info: [0mGET /projects/686b051761972b2cc9c3dfd2 [32m200[0m 28.431 ms - -[0m
2025-07-13 17:30:21 info: [0mGET /projects?search=&page=1&limit=5 [36m304[0m 47.660 ms - -[0m
2025-07-13 17:30:24 error: [GET] /projects/68676e1f022edd14c03f91ae >> StatusCode:: 500, Message:: Cannot read properties of undefined (reading 'toFixed')
2025-07-13 17:30:24 info: [0mGET /projects/68676e1f022edd14c03f91ae [31m500[0m 32.315 ms - 69[0m
2025-07-13 17:31:51 info: =================================
2025-07-13 17:31:51 info: ======= ENV: development =======
2025-07-13 17:31:51 info: 🚀 App listening on the port 3000
2025-07-13 17:31:51 info: =================================
2025-07-13 17:34:15 info: =================================
2025-07-13 17:34:15 info: ======= ENV: development =======
2025-07-13 17:34:15 info: 🚀 App listening on the port 3000
2025-07-13 17:34:15 info: =================================
2025-07-13 17:35:53 info: =================================
2025-07-13 17:35:53 info: ======= ENV: development =======
2025-07-13 17:35:53 info: 🚀 App listening on the port 3000
2025-07-13 17:35:53 info: =================================
2025-07-13 17:36:11 info: =================================
2025-07-13 17:36:11 info: ======= ENV: development =======
2025-07-13 17:36:11 info: 🚀 App listening on the port 3000
2025-07-13 17:36:11 info: =================================
2025-07-13 17:37:13 info: =================================
2025-07-13 17:37:13 info: ======= ENV: development =======
2025-07-13 17:37:13 info: 🚀 App listening on the port 3000
2025-07-13 17:37:13 info: =================================
2025-07-13 17:37:21 error: [GET] /projects/68676e1f022edd14c03f91ae >> StatusCode:: 500, Message:: Cannot read properties of undefined (reading 'toFixed')
2025-07-13 17:37:21 info: [0mGET /projects/68676e1f022edd14c03f91ae [31m500[0m 128.081 ms - 69[0m
2025-07-13 17:38:21 info: =================================
2025-07-13 17:38:21 info: ======= ENV: development =======
2025-07-13 17:38:21 info: 🚀 App listening on the port 3000
2025-07-13 17:38:21 info: =================================
2025-07-13 17:38:22 info: [0mGET /projects/68676e1f022edd14c03f91ae [32m200[0m 216.636 ms - -[0m
2025-07-13 17:40:34 info: [0mGET /projects/68676e1f022edd14c03f91ae [32m200[0m 47.321 ms - -[0m
2025-07-13 20:06:40 info: =================================
2025-07-13 20:06:40 info: ======= ENV: development =======
2025-07-13 20:06:40 info: 🚀 App listening on the port 3000
2025-07-13 20:06:40 info: =================================
2025-07-13 20:06:54 info: [0mPOST /auth/login [32m200[0m 238.806 ms - 278[0m
2025-07-13 20:06:56 info: [0mGET /users?search=&page=1&limit=5 [36m304[0m 116.933 ms - -[0m
2025-07-13 20:07:00 info: [0mGET /projects?search=&page=1&limit=5 [32m200[0m 201.888 ms - -[0m
2025-07-13 20:07:02 info: [0mGET /projects/68676e1f022edd14c03f91ae [36m304[0m 32.876 ms - -[0m
2025-07-13 20:11:26 info: [0mGET /projects/68676e1f022edd14c03f91ae [36m304[0m 33.630 ms - -[0m
2025-07-13 20:12:09 info: [0mGET /projects/68676e1f022edd14c03f91ae [36m304[0m 29.276 ms - -[0m
2025-07-13 20:12:12 info: [0mGET /projects/68676e1f022edd14c03f91ae [36m304[0m 28.545 ms - -[0m
2025-07-13 20:14:10 info: [0mPOST /projects/68676e1f022edd14c03f91ae/static-data [32m201[0m 198.809 ms - 530[0m
2025-07-13 20:14:10 info: [0mGET /projects/68676e1f022edd14c03f91ae [32m200[0m 102.784 ms - -[0m
2025-07-13 20:14:41 error: [POST] /projects/68676e1f022edd14c03f91ae/static-data >> StatusCode:: 400, Message:: Validation error
2025-07-13 20:14:41 info: [0mPOST /projects/68676e1f022edd14c03f91ae/static-data [33m400[0m 36.475 ms - 30[0m
2025-07-13 20:14:41 info: [0mGET /projects/68676e1f022edd14c03f91ae [36m304[0m 98.123 ms - -[0m
2025-07-13 20:15:38 info: =================================
2025-07-13 20:15:38 info: ======= ENV: development =======
2025-07-13 20:15:38 info: 🚀 App listening on the port 3000
2025-07-13 20:15:38 info: =================================
2025-07-13 20:15:53 info: =================================
2025-07-13 20:15:53 info: ======= ENV: development =======
2025-07-13 20:15:53 info: 🚀 App listening on the port 3000
2025-07-13 20:15:53 info: =================================
2025-07-13 20:16:01 info: [0mGET /projects/68676e1f022edd14c03f91ae [36m304[0m 130.639 ms - -[0m
2025-07-13 20:16:13 error: [POST] /projects/68676e1f022edd14c03f91ae/static-data >> StatusCode:: 400, Message:: Validation error
2025-07-13 20:16:13 info: [0mPOST /projects/68676e1f022edd14c03f91ae/static-data [33m400[0m 94.560 ms - 30[0m
2025-07-13 20:16:13 info: [0mGET /projects/68676e1f022edd14c03f91ae [36m304[0m 79.437 ms - -[0m
2025-07-13 20:16:29 error: [POST] /projects/68676e1f022edd14c03f91ae/static-data >> StatusCode:: 400, Message:: Validation error
2025-07-13 20:16:29 info: [0mPOST /projects/68676e1f022edd14c03f91ae/static-data [33m400[0m 67.746 ms - 30[0m
2025-07-13 20:16:29 info: [0mGET /projects/68676e1f022edd14c03f91ae [36m304[0m 104.627 ms - -[0m
2025-07-13 20:17:48 info: =================================
2025-07-13 20:17:48 info: ======= ENV: development =======
2025-07-13 20:17:48 info: 🚀 App listening on the port 3000
2025-07-13 20:17:48 info: =================================
2025-07-13 20:17:57 info: [0mGET /projects/68676e1f022edd14c03f91ae [36m304[0m 334.973 ms - -[0m
2025-07-13 20:18:07 error: [POST] /projects/68676e1f022edd14c03f91ae/static-data >> StatusCode:: 400, Message:: Validation error
2025-07-13 20:18:07 info: [0mPOST /projects/68676e1f022edd14c03f91ae/static-data [33m400[0m 94.837 ms - 30[0m
2025-07-13 20:18:07 info: [0mGET /projects/68676e1f022edd14c03f91ae [36m304[0m 185.381 ms - -[0m
2025-07-13 20:19:57 info: =================================
2025-07-13 20:19:57 info: ======= ENV: development =======
2025-07-13 20:19:57 info: 🚀 App listening on the port 3000
2025-07-13 20:19:57 info: =================================
2025-07-13 20:20:04 error: [POST] /projects/68676e1f022edd14c03f91ae/static-data >> StatusCode:: 400, Message:: Validation error
2025-07-13 20:20:04 info: [0mPOST /projects/68676e1f022edd14c03f91ae/static-data [33m400[0m 191.363 ms - 30[0m
2025-07-13 20:22:45 error: [POST] /projects/68676e1f022edd14c03f91ae/static-data >> StatusCode:: 400, Message:: Validation error
2025-07-13 20:22:46 info: [0mPOST /projects/68676e1f022edd14c03f91ae/static-data [33m400[0m 49.645 ms - 30[0m
2025-07-13 20:22:46 info: [0mGET /projects/68676e1f022edd14c03f91ae [36m304[0m 159.289 ms - -[0m
2025-07-13 20:23:11 info: =================================
2025-07-13 20:23:11 info: ======= ENV: development =======
2025-07-13 20:23:11 info: 🚀 App listening on the port 3000
2025-07-13 20:23:11 info: =================================
2025-07-13 20:23:11 error: [POST] /projects/68676e1f022edd14c03f91ae/static-data >> StatusCode:: 400, Message:: Validation error
2025-07-13 20:23:11 info: [0mPOST /projects/68676e1f022edd14c03f91ae/static-data [33m400[0m 218.819 ms - 30[0m
2025-07-13 20:23:14 error: [POST] /projects/68676e1f022edd14c03f91ae/static-data >> StatusCode:: 400, Message:: Validation error
2025-07-13 20:23:14 info: [0mPOST /projects/68676e1f022edd14c03f91ae/static-data [33m400[0m 48.192 ms - 30[0m
2025-07-13 20:23:58 info: =================================
2025-07-13 20:23:58 info: ======= ENV: development =======
2025-07-13 20:23:58 info: 🚀 App listening on the port 3000
2025-07-13 20:23:58 info: =================================
2025-07-13 20:24:02 error: [POST] /projects/68676e1f022edd14c03f91ae/static-data >> StatusCode:: 400, Message:: Validation error
2025-07-13 20:24:03 info: [0mPOST /projects/68676e1f022edd14c03f91ae/static-data [33m400[0m 198.507 ms - 30[0m
2025-07-13 20:24:41 error: [POST] /projects/68676e1f022edd14c03f91ae/static-data >> StatusCode:: 400, Message:: Validation error
2025-07-13 20:24:41 info: [0mPOST /projects/68676e1f022edd14c03f91ae/static-data [33m400[0m 227.904 ms - 30[0m
2025-07-13 20:24:42 info: [0mGET /projects/68676e1f022edd14c03f91ae [36m304[0m 80.028 ms - -[0m
2025-07-13 20:26:10 info: =================================
2025-07-13 20:26:11 info: ======= ENV: development =======
2025-07-13 20:26:11 info: 🚀 App listening on the port 3000
2025-07-13 20:26:11 info: =================================
2025-07-13 20:26:21 info: =================================
2025-07-13 20:26:21 info: ======= ENV: development =======
2025-07-13 20:26:21 info: 🚀 App listening on the port 3000
2025-07-13 20:26:21 info: =================================
2025-07-13 20:26:32 info: [0mPOST /projects/68676e1f022edd14c03f91ae/static-data [32m201[0m 555.372 ms - 586[0m
2025-07-13 20:26:33 info: [0mGET /projects/68676e1f022edd14c03f91ae [32m200[0m 108.371 ms - -[0m
2025-07-13 20:36:15 info: [0mPOST /projects/68676e1f022edd14c03f91ae/static-data [32m201[0m 133.849 ms - 889[0m
2025-07-13 20:36:15 info: [0mGET /projects/68676e1f022edd14c03f91ae [32m200[0m 95.640 ms - -[0m
2025-07-13 20:42:17 info: =================================
2025-07-13 20:42:17 info: ======= ENV: development =======
2025-07-13 20:42:17 info: 🚀 App listening on the port 3000
2025-07-13 20:42:17 info: =================================
2025-07-13 20:44:25 info: =================================
2025-07-13 20:44:25 info: ======= ENV: development =======
2025-07-13 20:44:25 info: 🚀 App listening on the port 3000
2025-07-13 20:44:25 info: =================================
2025-07-13 20:44:43 info: =================================
2025-07-13 20:44:43 info: ======= ENV: development =======
2025-07-13 20:44:43 info: 🚀 App listening on the port 3000
2025-07-13 20:44:43 info: =================================
2025-07-13 20:47:25 info: =================================
2025-07-13 20:47:25 info: ======= ENV: development =======
2025-07-13 20:47:25 info: 🚀 App listening on the port 3000
2025-07-13 20:47:25 info: =================================
2025-07-13 20:48:23 info: =================================
2025-07-13 20:48:23 info: ======= ENV: development =======
2025-07-13 20:48:23 info: 🚀 App listening on the port 3000
2025-07-13 20:48:23 info: =================================
2025-07-13 21:58:44 error: [GET] /projects/68676e1f022edd14c03f91ae >> StatusCode:: 401, Message:: Wrong authentication token
2025-07-13 21:58:45 info: [0mGET /projects/68676e1f022edd14c03f91ae [33m401[0m 118.814 ms - 40[0m
2025-07-13 21:59:23 error: [GET] /projects/68676e1f022edd14c03f91ae >> StatusCode:: 401, Message:: Wrong authentication token
2025-07-13 21:59:23 info: [0mGET /projects/68676e1f022edd14c03f91ae [33m401[0m 11.196 ms - 40[0m
2025-07-13 21:59:29 error: [GET] /projects/68676e1f022edd14c03f91ae >> StatusCode:: 401, Message:: Wrong authentication token
2025-07-13 21:59:29 info: [0mGET /projects/68676e1f022edd14c03f91ae [33m401[0m 26.503 ms - 40[0m
2025-07-13 21:59:46 error: [GET] /projects/68676e1f022edd14c03f91ae >> StatusCode:: 401, Message:: Wrong authentication token
2025-07-13 21:59:46 info: [0mGET /projects/68676e1f022edd14c03f91ae [33m401[0m 25.704 ms - 40[0m
2025-07-13 21:59:58 error: [GET] /projects/68676e1f022edd14c03f91ae >> StatusCode:: 401, Message:: Wrong authentication token
2025-07-13 21:59:58 info: [0mGET /projects/68676e1f022edd14c03f91ae [33m401[0m 67.760 ms - 40[0m
2025-07-13 21:59:59 error: [GET] /projects/68676e1f022edd14c03f91ae >> StatusCode:: 401, Message:: Wrong authentication token
2025-07-13 21:59:59 info: [0mGET /projects/68676e1f022edd14c03f91ae [33m401[0m 15.584 ms - 40[0m
2025-07-13 22:00:36 error: [GET] /projects/68676e1f022edd14c03f91ae >> StatusCode:: 401, Message:: Wrong authentication token
2025-07-13 22:00:36 info: [0mGET /projects/68676e1f022edd14c03f91ae [33m401[0m 25.096 ms - 40[0m
2025-07-13 22:00:48 error: [GET] /projects/68676e1f022edd14c03f91ae >> StatusCode:: 401, Message:: Wrong authentication token
2025-07-13 22:00:48 info: [0mGET /projects/68676e1f022edd14c03f91ae [33m401[0m 21.712 ms - 40[0m
2025-07-13 22:01:05 error: [GET] /projects/68676e1f022edd14c03f91ae >> StatusCode:: 401, Message:: Wrong authentication token
2025-07-13 22:01:05 info: [0mGET /projects/68676e1f022edd14c03f91ae [33m401[0m 12.575 ms - 40[0m
2025-07-13 22:01:42 error: [GET] /projects/68676e1f022edd14c03f91ae >> StatusCode:: 401, Message:: Wrong authentication token
2025-07-13 22:01:42 info: [0mGET /projects/68676e1f022edd14c03f91ae [33m401[0m 19.128 ms - 40[0m
2025-07-13 22:03:40 error: [GET] /projects/68676e1f022edd14c03f91ae >> StatusCode:: 401, Message:: Wrong authentication token
2025-07-13 22:03:40 info: [0mGET /projects/68676e1f022edd14c03f91ae [33m401[0m 46.877 ms - 40[0m
2025-07-13 22:03:46 error: [GET] /projects/68676e1f022edd14c03f91ae >> StatusCode:: 401, Message:: Wrong authentication token
2025-07-13 22:03:46 info: [0mGET /projects/68676e1f022edd14c03f91ae [33m401[0m 62.481 ms - 40[0m
2025-07-13 22:04:32 error: [GET] /projects/68676e1f022edd14c03f91ae >> StatusCode:: 401, Message:: Wrong authentication token
2025-07-13 22:04:32 info: [0mGET /projects/68676e1f022edd14c03f91ae [33m401[0m 16.196 ms - 40[0m
2025-07-13 22:05:14 error: [GET] /projects/68676e1f022edd14c03f91ae >> StatusCode:: 401, Message:: Wrong authentication token
2025-07-13 22:05:14 info: [0mGET /projects/68676e1f022edd14c03f91ae [33m401[0m 18.002 ms - 40[0m
2025-07-13 22:05:36 error: [GET] /projects/68676e1f022edd14c03f91ae >> StatusCode:: 401, Message:: Wrong authentication token
2025-07-13 22:05:36 info: [0mGET /projects/68676e1f022edd14c03f91ae [33m401[0m 11.373 ms - 40[0m
2025-07-13 22:06:02 error: [GET] /projects/68676e1f022edd14c03f91ae >> StatusCode:: 401, Message:: Wrong authentication token
2025-07-13 22:06:02 info: [0mGET /projects/68676e1f022edd14c03f91ae [33m401[0m 24.752 ms - 40[0m
2025-07-13 22:10:49 error: [GET] /projects/68676e1f022edd14c03f91ae >> StatusCode:: 401, Message:: Wrong authentication token
2025-07-13 22:10:49 info: [0mGET /projects/68676e1f022edd14c03f91ae [33m401[0m 67.040 ms - 40[0m
2025-07-13 22:11:04 info: [0mPOST /auth/login [32m200[0m 402.837 ms - 278[0m
2025-07-13 22:11:04 info: [0mGET /users?search=&page=1&limit=5 [36m304[0m 58.735 ms - -[0m
2025-07-13 22:11:09 info: [0mGET /projects?search=&page=1&limit=5 [32m200[0m 527.849 ms - -[0m
2025-07-13 22:11:12 info: [0mGET /projects/68676e1f022edd14c03f91ae [36m304[0m 100.158 ms - -[0m
2025-07-13 22:14:04 error: [DELETE] /projects/68676e1f022edd14c03f91ae/perforation/686bb89839709da9dc4ee3c4 >> StatusCode:: 500, Message:: perforation.remove is not a function
2025-07-13 22:14:04 info: [0mDELETE /projects/68676e1f022edd14c03f91ae/perforation/686bb89839709da9dc4ee3c4 [31m500[0m 76.859 ms - 50[0m
2025-07-13 22:14:04 info: [0mGET /projects/68676e1f022edd14c03f91ae [36m304[0m 32.614 ms - -[0m
2025-07-13 22:16:05 info: =================================
2025-07-13 22:16:05 info: ======= ENV: development =======
2025-07-13 22:16:05 info: 🚀 App listening on the port 3000
2025-07-13 22:16:05 info: =================================
2025-07-13 22:16:05 info: [0mDELETE /projects/68676e1f022edd14c03f91ae/perforation/686bb89839709da9dc4ee3c4 [32m200[0m 291.313 ms - 107[0m
2025-07-13 22:16:06 info: [0mGET /projects/68676e1f022edd14c03f91ae [32m200[0m 75.278 ms - -[0m
2025-07-13 22:16:11 info: [0mDELETE /projects/68676e1f022edd14c03f91ae/perforation/686ad98e9f6e9b167ec650c7 [32m200[0m 95.705 ms - 107[0m
2025-07-13 22:16:11 info: [0mGET /projects/68676e1f022edd14c03f91ae [32m200[0m 28.982 ms - -[0m
2025-07-13 22:24:19 info: [0mPOST /projects/68676e1f022edd14c03f91ae/perforation [32m201[0m 212.540 ms - 794[0m
2025-07-13 22:24:19 info: [0mGET /projects/68676e1f022edd14c03f91ae [32m200[0m 116.480 ms - -[0m
2025-07-13 22:25:35 info: [0mPUT /projects/68676e1f022edd14c03f91ae/perforation/68746a53534c2329f0c5562d [32m200[0m 134.378 ms - 805[0m
2025-07-13 22:25:35 info: [0mGET /projects/68676e1f022edd14c03f91ae [32m200[0m 94.460 ms - -[0m
2025-07-13 22:26:11 info: [0mPUT /projects/68676e1f022edd14c03f91ae/perforation/68746a53534c2329f0c5562d [32m200[0m 234.184 ms - 805[0m
2025-07-13 22:26:11 info: [0mGET /projects/68676e1f022edd14c03f91ae [32m200[0m 111.431 ms - -[0m
2025-07-13 22:29:26 info: =================================
2025-07-13 22:29:26 info: ======= ENV: development =======
2025-07-13 22:29:26 info: 🚀 App listening on the port 3000
2025-07-13 22:29:26 info: =================================
2025-07-13 22:34:36 info: =================================
2025-07-13 22:34:36 info: ======= ENV: development =======
2025-07-13 22:34:36 info: 🚀 App listening on the port 3000
2025-07-13 22:34:36 info: =================================
2025-07-13 22:35:19 info: =================================
2025-07-13 22:35:19 info: ======= ENV: development =======
2025-07-13 22:35:19 info: 🚀 App listening on the port 3000
2025-07-13 22:35:19 info: =================================
2025-07-13 22:35:24 info: [0mPUT /projects/68676e1f022edd14c03f91ae/perforation/68746a53534c2329f0c5562d [32m200[0m 329.791 ms - 807[0m
2025-07-13 22:35:24 info: [0mGET /projects/68676e1f022edd14c03f91ae [32m200[0m 275.634 ms - -[0m
2025-07-13 22:36:12 info: [0mPUT /projects/68676e1f022edd14c03f91ae/perforation/68746a53534c2329f0c5562d [32m200[0m 121.270 ms - 807[0m
2025-07-13 22:36:12 info: [0mGET /projects/68676e1f022edd14c03f91ae [32m200[0m 168.650 ms - -[0m
2025-07-13 23:06:55 info: [0mPUT /projects/68676e1f022edd14c03f91ae/perforation/68746a53534c2329f0c5562d [32m200[0m 88.326 ms - 807[0m
2025-07-13 23:06:56 info: [0mGET /projects/68676e1f022edd14c03f91ae [32m200[0m 124.302 ms - -[0m
2025-07-13 23:07:31 info: [0mPUT /projects/68676e1f022edd14c03f91ae/perforation/68746a53534c2329f0c5562d [32m200[0m 129.011 ms - 807[0m
2025-07-13 23:07:31 info: [0mGET /projects/68676e1f022edd14c03f91ae [32m200[0m 106.790 ms - -[0m
2025-07-13 23:10:52 info: =================================
2025-07-13 23:10:52 info: ======= ENV: development =======
2025-07-13 23:10:52 info: 🚀 App listening on the port 3000
2025-07-13 23:10:52 info: =================================
2025-07-13 23:11:09 error: [PUT] /projects/68676e1f022edd14c03f91ae/perforation/68746a53534c2329f0c5562d >> StatusCode:: 401, Message:: Wrong authentication token
2025-07-13 23:11:09 info: [0mPUT /projects/68676e1f022edd14c03f91ae/perforation/68746a53534c2329f0c5562d [33m401[0m 324.752 ms - 40[0m
2025-07-13 23:11:09 error: [GET] /projects/68676e1f022edd14c03f91ae >> StatusCode:: 401, Message:: Wrong authentication token
2025-07-13 23:11:09 info: [0mGET /projects/68676e1f022edd14c03f91ae [33m401[0m 100.385 ms - 40[0m
2025-07-13 23:11:20 info: [0mPOST /auth/login [32m200[0m 224.000 ms - 278[0m
2025-07-13 23:11:20 info: [0mGET /users?search=&page=1&limit=5 [36m304[0m 67.277 ms - -[0m
2025-07-13 23:11:24 info: [0mGET /projects?search=&page=1&limit=5 [32m200[0m 360.222 ms - -[0m
2025-07-13 23:11:26 info: [0mGET /projects/68676e1f022edd14c03f91ae [36m304[0m 82.100 ms - -[0m
2025-07-13 23:11:35 info: [0mPUT /projects/68676e1f022edd14c03f91ae/perforation/68746a53534c2329f0c5562d [32m200[0m 168.344 ms - 805[0m
2025-07-13 23:11:35 info: [0mGET /projects/68676e1f022edd14c03f91ae [32m200[0m 86.405 ms - -[0m
2025-07-13 23:12:57 info: =================================
2025-07-13 23:12:57 info: ======= ENV: development =======
2025-07-13 23:12:57 info: 🚀 App listening on the port 3000
2025-07-13 23:12:57 info: =================================
2025-07-13 23:13:07 info: =================================
2025-07-13 23:13:07 info: ======= ENV: development =======
2025-07-13 23:13:07 info: 🚀 App listening on the port 3000
2025-07-13 23:13:07 info: =================================
2025-07-13 23:13:33 info: =================================
2025-07-13 23:13:33 info: ======= ENV: development =======
2025-07-13 23:13:33 info: 🚀 App listening on the port 3000
2025-07-13 23:13:33 info: =================================
2025-07-13 23:13:51 info: =================================
2025-07-13 23:13:51 info: ======= ENV: development =======
2025-07-13 23:13:51 info: 🚀 App listening on the port 3000
2025-07-13 23:13:51 info: =================================
2025-07-13 23:14:04 info: [0mPUT /projects/68676e1f022edd14c03f91ae/perforation/68746a53534c2329f0c5562d [32m200[0m 572.337 ms - 804[0m
2025-07-13 23:14:04 info: [0mGET /projects/68676e1f022edd14c03f91ae [32m200[0m 95.323 ms - -[0m
2025-07-13 23:15:57 info: =================================
2025-07-13 23:15:57 info: ======= ENV: development =======
2025-07-13 23:15:57 info: 🚀 App listening on the port 3000
2025-07-13 23:15:57 info: =================================
2025-07-13 23:16:04 info: [0mPUT /projects/68676e1f022edd14c03f91ae/perforation/68746a53534c2329f0c5562d [32m200[0m 207.164 ms - 806[0m
2025-07-13 23:16:04 info: [0mGET /projects/68676e1f022edd14c03f91ae [32m200[0m 131.151 ms - -[0m
2025-07-13 23:17:57 info: [0mPUT /projects/68676e1f022edd14c03f91ae/perforation/68746a53534c2329f0c5562d [32m200[0m 103.718 ms - 806[0m
2025-07-13 23:17:57 info: [0mGET /projects/68676e1f022edd14c03f91ae [36m304[0m 170.314 ms - -[0m
2025-07-13 23:19:58 info: =================================
2025-07-13 23:19:58 info: ======= ENV: development =======
2025-07-13 23:19:58 info: 🚀 App listening on the port 3000
2025-07-13 23:19:58 info: =================================
2025-07-13 23:20:03 info: [0mPUT /projects/68676e1f022edd14c03f91ae/perforation/68746a53534c2329f0c5562d [32m200[0m 381.430 ms - 826[0m
2025-07-13 23:20:04 info: [0mGET /projects/68676e1f022edd14c03f91ae [32m200[0m 68.135 ms - -[0m
2025-07-13 23:21:54 info: =================================
2025-07-13 23:21:54 info: ======= ENV: development =======
2025-07-13 23:21:54 info: 🚀 App listening on the port 3000
2025-07-13 23:21:54 info: =================================
2025-07-13 23:22:07 info: =================================
2025-07-13 23:22:07 info: ======= ENV: development =======
2025-07-13 23:22:07 info: 🚀 App listening on the port 3000
2025-07-13 23:22:07 info: =================================
2025-07-13 23:22:20 info: =================================
2025-07-13 23:22:20 info: ======= ENV: development =======
2025-07-13 23:22:20 info: 🚀 App listening on the port 3000
2025-07-13 23:22:20 info: =================================
2025-07-13 23:22:28 info: [0mPUT /projects/68676e1f022edd14c03f91ae/perforation/68746a53534c2329f0c5562d [32m200[0m 304.537 ms - 827[0m
2025-07-13 23:22:28 info: [0mGET /projects/68676e1f022edd14c03f91ae [32m200[0m 115.535 ms - -[0m
2025-07-13 23:24:05 info: [0mPOST /projects/68676e1f022edd14c03f91ae/perforation [32m201[0m 102.670 ms - 827[0m
2025-07-13 23:24:06 info: [0mGET /projects/68676e1f022edd14c03f91ae [32m200[0m 93.977 ms - -[0m
2025-07-13 23:26:07 info: =================================
2025-07-13 23:26:07 info: ======= ENV: development =======
2025-07-13 23:26:07 info: 🚀 App listening on the port 3000
2025-07-13 23:26:07 info: =================================
2025-07-13 23:26:14 info: [0mPUT /projects/68676e1f022edd14c03f91ae/perforation/687478559b72158e86d0ff91 [32m200[0m 529.325 ms - 824[0m
2025-07-13 23:26:15 info: [0mGET /projects/68676e1f022edd14c03f91ae [32m200[0m 126.777 ms - -[0m
2025-07-13 23:27:29 info: =================================
2025-07-13 23:27:29 info: ======= ENV: development =======
2025-07-13 23:27:29 info: 🚀 App listening on the port 3000
2025-07-13 23:27:29 info: =================================
2025-07-13 23:27:39 info: [0mPUT /projects/68676e1f022edd14c03f91ae/perforation/687478559b72158e86d0ff91 [32m200[0m 402.579 ms - 838[0m
2025-07-13 23:27:40 info: [0mGET /projects/68676e1f022edd14c03f91ae [32m200[0m 86.620 ms - -[0m
2025-07-13 23:40:07 info: [0mGET /projects/68676e1f022edd14c03f91ae [36m304[0m 98.224 ms - -[0m
2025-07-13 23:42:41 info: [0mGET /projects/68676e1f022edd14c03f91ae [36m304[0m 65.585 ms - -[0m
2025-07-13 23:43:14 info: =================================
2025-07-13 23:43:14 info: ======= ENV: development =======
2025-07-13 23:43:14 info: 🚀 App listening on the port 3000
2025-07-13 23:43:14 info: =================================
2025-07-13 23:43:52 info: =================================
2025-07-13 23:43:53 info: ======= ENV: development =======
2025-07-13 23:43:53 info: 🚀 App listening on the port 3000
2025-07-13 23:43:53 info: =================================
2025-07-13 23:44:23 info: [0mGET /projects/68676e1f022edd14c03f91ae [36m304[0m 335.795 ms - -[0m
2025-07-13 23:45:28 info: [0mGET /projects/68676e1f022edd14c03f91ae [36m304[0m 42.062 ms - -[0m
2025-07-13 23:45:33 info: [0mGET /projects/68676e1f022edd14c03f91ae [36m304[0m 20.415 ms - -[0m
2025-07-13 23:50:07 info: [0mPOST /projects/68676e1f022edd14c03f91ae/static-data [32m201[0m 147.285 ms - 945[0m
2025-07-13 23:50:07 info: [0mGET /projects/68676e1f022edd14c03f91ae [32m200[0m 138.022 ms - -[0m
2025-07-13 23:54:22 info: =================================
2025-07-13 23:54:22 info: ======= ENV: development =======
2025-07-13 23:54:22 info: 🚀 App listening on the port 3000
2025-07-13 23:54:22 info: =================================
2025-07-13 23:54:40 info: =================================
2025-07-13 23:54:40 info: ======= ENV: development =======
2025-07-13 23:54:40 info: 🚀 App listening on the port 3000
2025-07-13 23:54:40 info: =================================
