2025-07-03 00:00:21 info: =================================
2025-07-03 00:00:21 info: ======= ENV: development =======
2025-07-03 00:00:21 info: 🚀 App listening on the port 3000
2025-07-03 00:00:21 info: =================================
2025-07-03 00:02:08 info: =================================
2025-07-03 00:02:08 info: ======= ENV: development =======
2025-07-03 00:02:08 info: 🚀 App listening on the port 3000
2025-07-03 00:02:08 info: =================================
2025-07-03 00:02:39 info: =================================
2025-07-03 00:02:39 info: ======= ENV: development =======
2025-07-03 00:02:39 info: 🚀 App listening on the port 3000
2025-07-03 00:02:39 info: =================================
2025-07-03 00:03:01 info: =================================
2025-07-03 00:03:01 info: ======= ENV: development =======
2025-07-03 00:03:01 info: 🚀 App listening on the port 3000
2025-07-03 00:03:01 info: =================================
2025-07-03 00:03:37 info: =================================
2025-07-03 00:03:37 info: ======= ENV: development =======
2025-07-03 00:03:37 info: 🚀 App listening on the port 3000
2025-07-03 00:03:37 info: =================================
2025-07-03 00:03:59 info: =================================
2025-07-03 00:03:59 info: ======= ENV: development =======
2025-07-03 00:03:59 info: 🚀 App listening on the port 3000
2025-07-03 00:03:59 info: =================================
2025-07-03 00:04:07 info: =================================
2025-07-03 00:04:07 info: ======= ENV: development =======
2025-07-03 00:04:07 info: 🚀 App listening on the port 3000
2025-07-03 00:04:07 info: =================================
2025-07-03 00:05:02 info: =================================
2025-07-03 00:05:02 info: ======= ENV: development =======
2025-07-03 00:05:02 info: 🚀 App listening on the port 3000
2025-07-03 00:05:02 info: =================================
2025-07-03 00:05:12 info: =================================
2025-07-03 00:05:12 info: ======= ENV: development =======
2025-07-03 00:05:12 info: 🚀 App listening on the port 3000
2025-07-03 00:05:12 info: =================================
2025-07-03 00:05:23 info: =================================
2025-07-03 00:05:23 info: ======= ENV: development =======
2025-07-03 00:05:23 info: 🚀 App listening on the port 3000
2025-07-03 00:05:23 info: =================================
2025-07-03 00:06:17 info: =================================
2025-07-03 00:06:17 info: ======= ENV: development =======
2025-07-03 00:06:17 info: 🚀 App listening on the port 3000
2025-07-03 00:06:17 info: =================================
2025-07-03 00:06:27 info: =================================
2025-07-03 00:06:27 info: ======= ENV: development =======
2025-07-03 00:06:27 info: 🚀 App listening on the port 3000
2025-07-03 00:06:27 info: =================================
2025-07-03 00:06:47 info: =================================
2025-07-03 00:06:47 info: ======= ENV: development =======
2025-07-03 00:06:47 info: 🚀 App listening on the port 3000
2025-07-03 00:06:47 info: =================================
2025-07-03 00:09:41 info: =================================
2025-07-03 00:09:41 info: ======= ENV: development =======
2025-07-03 00:09:41 info: 🚀 App listening on the port 3000
2025-07-03 00:09:41 info: =================================
2025-07-03 00:09:51 info: =================================
2025-07-03 00:09:51 info: ======= ENV: development =======
2025-07-03 00:09:51 info: 🚀 App listening on the port 3000
2025-07-03 00:09:51 info: =================================
2025-07-03 00:10:14 info: =================================
2025-07-03 00:10:14 info: ======= ENV: development =======
2025-07-03 00:10:14 info: 🚀 App listening on the port 3000
2025-07-03 00:10:14 info: =================================
2025-07-03 00:10:31 info: =================================
2025-07-03 00:10:31 info: ======= ENV: development =======
2025-07-03 00:10:31 info: 🚀 App listening on the port 3000
2025-07-03 00:10:31 info: =================================
2025-07-03 00:11:22 info: =================================
2025-07-03 00:11:22 info: ======= ENV: development =======
2025-07-03 00:11:22 info: 🚀 App listening on the port 3000
2025-07-03 00:11:22 info: =================================
2025-07-03 00:12:09 info: =================================
2025-07-03 00:12:09 info: ======= ENV: development =======
2025-07-03 00:12:09 info: 🚀 App listening on the port 3000
2025-07-03 00:12:09 info: =================================
2025-07-03 00:12:16 info: =================================
2025-07-03 00:12:16 info: ======= ENV: development =======
2025-07-03 00:12:16 info: 🚀 App listening on the port 3000
2025-07-03 00:12:16 info: =================================
2025-07-03 00:13:17 info: =================================
2025-07-03 00:13:17 info: ======= ENV: development =======
2025-07-03 00:13:17 info: 🚀 App listening on the port 3000
2025-07-03 00:13:17 info: =================================
2025-07-03 00:13:36 info: =================================
2025-07-03 00:13:36 info: ======= ENV: development =======
2025-07-03 00:13:36 info: 🚀 App listening on the port 3000
2025-07-03 00:13:36 info: =================================
2025-07-03 00:13:41 info: =================================
2025-07-03 00:13:41 info: ======= ENV: development =======
2025-07-03 00:13:41 info: 🚀 App listening on the port 3000
2025-07-03 00:13:41 info: =================================
2025-07-03 00:14:43 info: =================================
2025-07-03 00:14:43 info: ======= ENV: development =======
2025-07-03 00:14:43 info: 🚀 App listening on the port 3000
2025-07-03 00:14:43 info: =================================
2025-07-03 00:16:10 info: =================================
2025-07-03 00:16:10 info: ======= ENV: development =======
2025-07-03 00:16:10 info: 🚀 App listening on the port 3000
2025-07-03 00:16:10 info: =================================
2025-07-03 00:16:27 info: =================================
2025-07-03 00:16:27 info: ======= ENV: development =======
2025-07-03 00:16:27 info: 🚀 App listening on the port 3000
2025-07-03 00:16:27 info: =================================
2025-07-03 00:16:59 info: =================================
2025-07-03 00:16:59 info: ======= ENV: development =======
2025-07-03 00:16:59 info: 🚀 App listening on the port 3000
2025-07-03 00:16:59 info: =================================
2025-07-03 00:17:21 info: =================================
2025-07-03 00:17:21 info: ======= ENV: development =======
2025-07-03 00:17:21 info: 🚀 App listening on the port 3000
2025-07-03 00:17:21 info: =================================
2025-07-03 00:17:27 info: =================================
2025-07-03 00:17:27 info: ======= ENV: development =======
2025-07-03 00:17:27 info: 🚀 App listening on the port 3000
2025-07-03 00:17:27 info: =================================
2025-07-03 00:17:39 info: =================================
2025-07-03 00:17:39 info: ======= ENV: development =======
2025-07-03 00:17:39 info: 🚀 App listening on the port 3000
2025-07-03 00:17:39 info: =================================
2025-07-03 00:17:52 info: =================================
2025-07-03 00:17:52 info: ======= ENV: development =======
2025-07-03 00:17:52 info: 🚀 App listening on the port 3000
2025-07-03 00:17:52 info: =================================
2025-07-03 00:18:33 info: =================================
2025-07-03 00:18:33 info: ======= ENV: development =======
2025-07-03 00:18:33 info: 🚀 App listening on the port 3000
2025-07-03 00:18:33 info: =================================
2025-07-03 00:18:38 info: =================================
2025-07-03 00:18:38 info: ======= ENV: development =======
2025-07-03 00:18:38 info: 🚀 App listening on the port 3000
2025-07-03 00:18:38 info: =================================
2025-07-03 00:18:42 info: =================================
2025-07-03 00:18:42 info: ======= ENV: development =======
2025-07-03 00:18:42 info: 🚀 App listening on the port 3000
2025-07-03 00:18:42 info: =================================
2025-07-03 00:30:51 info: =================================
2025-07-03 00:30:51 info: ======= ENV: development =======
2025-07-03 00:30:51 info: 🚀 App listening on the port 3000
2025-07-03 00:30:51 info: =================================
2025-07-03 00:31:22 info: =================================
2025-07-03 00:31:22 info: ======= ENV: development =======
2025-07-03 00:31:22 info: 🚀 App listening on the port 3000
2025-07-03 00:31:22 info: =================================
2025-07-03 00:31:50 info: =================================
2025-07-03 00:31:50 info: ======= ENV: development =======
2025-07-03 00:31:50 info: 🚀 App listening on the port 3000
2025-07-03 00:31:50 info: =================================
2025-07-03 00:32:49 info: =================================
2025-07-03 00:32:49 info: ======= ENV: development =======
2025-07-03 00:32:49 info: 🚀 App listening on the port 3000
2025-07-03 00:32:49 info: =================================
2025-07-03 00:35:32 info: =================================
2025-07-03 00:35:32 info: ======= ENV: development =======
2025-07-03 00:35:32 info: 🚀 App listening on the port 3000
2025-07-03 00:35:32 info: =================================
2025-07-03 00:35:51 info: =================================
2025-07-03 00:35:51 info: ======= ENV: development =======
2025-07-03 00:35:51 info: 🚀 App listening on the port 3000
2025-07-03 00:35:51 info: =================================
2025-07-03 00:36:04 info: [0mPOST /project [33m404[0m 8.566 ms - 147[0m
2025-07-03 00:36:11 error: [POST] /projects >> StatusCode:: 500, Message:: Cannot read properties of undefined (reading 'constructor')
2025-07-03 00:36:11 info: [0mPOST /projects [31m500[0m 9.577 ms - 73[0m
2025-07-03 00:37:19 info: =================================
2025-07-03 00:37:19 info: ======= ENV: development =======
2025-07-03 00:37:19 info: 🚀 App listening on the port 3000
2025-07-03 00:37:19 info: =================================
2025-07-03 00:37:36 info: =================================
2025-07-03 00:37:36 info: ======= ENV: development =======
2025-07-03 00:37:36 info: 🚀 App listening on the port 3000
2025-07-03 00:37:36 info: =================================
2025-07-03 00:37:37 error: [POST] /projects >> StatusCode:: 500, Message:: Cannot read properties of undefined (reading 'constructor')
2025-07-03 00:37:37 info: [0mPOST /projects [31m500[0m 19.516 ms - 73[0m
2025-07-03 00:38:01 info: =================================
2025-07-03 00:38:01 info: ======= ENV: development =======
2025-07-03 00:38:01 info: 🚀 App listening on the port 3000
2025-07-03 00:38:01 info: =================================
2025-07-03 00:38:04 error: [POST] /projects >> StatusCode:: 500, Message:: Cannot read properties of undefined (reading 'constructor')
2025-07-03 00:38:04 info: [0mPOST /projects [31m500[0m 13.826 ms - 73[0m
2025-07-03 00:42:41 info: =================================
2025-07-03 00:42:41 info: ======= ENV: development =======
2025-07-03 00:42:41 info: 🚀 App listening on the port 3000
2025-07-03 00:42:41 info: =================================
2025-07-03 00:42:48 info: =================================
2025-07-03 00:42:48 info: ======= ENV: development =======
2025-07-03 00:42:48 info: 🚀 App listening on the port 3000
2025-07-03 00:42:48 info: =================================
2025-07-03 00:43:31 info: =================================
2025-07-03 00:43:31 info: ======= ENV: development =======
2025-07-03 00:43:31 info: 🚀 App listening on the port 3000
2025-07-03 00:43:31 info: =================================
2025-07-03 00:44:30 info: =================================
2025-07-03 00:44:30 info: ======= ENV: development =======
2025-07-03 00:44:30 info: 🚀 App listening on the port 3000
2025-07-03 00:44:30 info: =================================
2025-07-03 00:44:31 error: [POST] /projects >> StatusCode:: 500, Message:: Cannot read properties of undefined (reading 'constructor')
2025-07-03 00:44:31 info: [0mPOST /projects [31m500[0m 12.192 ms - 73[0m
2025-07-03 00:44:34 error: [POST] /projects >> StatusCode:: 500, Message:: Cannot read properties of undefined (reading 'constructor')
2025-07-03 00:44:34 info: [0mPOST /projects [31m500[0m 3.226 ms - 73[0m
2025-07-03 00:44:40 info: =================================
2025-07-03 00:44:40 info: ======= ENV: development =======
2025-07-03 00:44:40 info: 🚀 App listening on the port 3000
2025-07-03 00:44:40 info: =================================
2025-07-03 00:44:45 info: =================================
2025-07-03 00:44:45 info: ======= ENV: development =======
2025-07-03 00:44:45 info: 🚀 App listening on the port 3000
2025-07-03 00:44:45 info: =================================
2025-07-03 00:45:15 error: [POST] /projects >> StatusCode:: 500, Message:: Cannot read properties of undefined (reading 'constructor')
2025-07-03 00:45:15 info: [0mPOST /projects [31m500[0m 15.286 ms - 73[0m
2025-07-03 00:45:39 info: =================================
2025-07-03 00:45:39 info: ======= ENV: development =======
2025-07-03 00:45:39 info: 🚀 App listening on the port 3000
2025-07-03 00:45:39 info: =================================
2025-07-03 00:45:45 error: [POST] /projects >> StatusCode:: 500, Message:: Cannot read properties of undefined (reading 'constructor')
2025-07-03 00:45:45 info: [0mPOST /projects [31m500[0m 12.521 ms - 73[0m
2025-07-03 00:48:53 info: =================================
2025-07-03 00:48:53 info: ======= ENV: development =======
2025-07-03 00:48:53 info: 🚀 App listening on the port 3000
2025-07-03 00:48:53 info: =================================
2025-07-03 00:49:26 info: =================================
2025-07-03 00:49:26 info: ======= ENV: development =======
2025-07-03 00:49:26 info: 🚀 App listening on the port 3000
2025-07-03 00:49:26 info: =================================
2025-07-03 00:49:57 info: =================================
2025-07-03 00:49:57 info: ======= ENV: development =======
2025-07-03 00:49:57 info: 🚀 App listening on the port 3000
2025-07-03 00:49:57 info: =================================
2025-07-03 00:50:28 info: =================================
2025-07-03 00:50:28 info: ======= ENV: development =======
2025-07-03 00:50:28 info: 🚀 App listening on the port 3000
2025-07-03 00:50:28 info: =================================
2025-07-03 00:50:34 info: =================================
2025-07-03 00:50:34 info: ======= ENV: development =======
2025-07-03 00:50:34 info: 🚀 App listening on the port 3000
2025-07-03 00:50:34 info: =================================
2025-07-03 00:51:04 info: =================================
2025-07-03 00:51:04 info: ======= ENV: development =======
2025-07-03 00:51:04 info: 🚀 App listening on the port 3000
2025-07-03 00:51:04 info: =================================
2025-07-03 00:51:23 info: =================================
2025-07-03 00:51:23 info: ======= ENV: development =======
2025-07-03 00:51:23 info: 🚀 App listening on the port 3000
2025-07-03 00:51:23 info: =================================
2025-07-03 00:52:08 info: =================================
2025-07-03 00:52:08 info: ======= ENV: development =======
2025-07-03 00:52:08 info: 🚀 App listening on the port 3000
2025-07-03 00:52:08 info: =================================
2025-07-03 00:52:15 error: [POST] /projects >> StatusCode:: 500, Message:: Cannot read properties of undefined (reading 'constructor')
2025-07-03 00:52:15 info: [0mPOST /projects [31m500[0m 10.547 ms - 73[0m
2025-07-03 00:52:17 error: [POST] /projects >> StatusCode:: 500, Message:: Cannot read properties of undefined (reading 'constructor')
2025-07-03 00:52:17 info: [0mPOST /projects [31m500[0m 2.035 ms - 73[0m
2025-07-03 00:52:34 info: =================================
2025-07-03 00:52:34 info: ======= ENV: development =======
2025-07-03 00:52:34 info: 🚀 App listening on the port 3000
2025-07-03 00:52:34 info: =================================
2025-07-03 00:55:11 info: [0mPOST /login [33m404[0m 36.766 ms - 145[0m
2025-07-03 00:55:39 error: [POST] /auth/login >> StatusCode:: 409, Message:: This username admin was not found
2025-07-03 00:55:39 info: [0mPOST /auth/login [33m409[0m 23.722 ms - 47[0m
2025-07-03 00:56:24 info: =================================
2025-07-03 00:56:24 info: ======= ENV: development =======
2025-07-03 00:56:24 info: 🚀 App listening on the port 3000
2025-07-03 00:56:24 info: =================================
2025-07-03 00:56:27 error: [POST] /auth/login >> StatusCode:: 409, Message:: This username admin was not found
2025-07-03 00:56:27 info: [0mPOST /auth/login [33m409[0m 65.607 ms - 47[0m
2025-07-03 00:58:20 info: =================================
2025-07-03 00:58:20 info: ======= ENV: development =======
2025-07-03 00:58:20 info: 🚀 App listening on the port 3000
2025-07-03 00:58:20 info: =================================
2025-07-03 00:58:33 info: =================================
2025-07-03 00:58:33 info: ======= ENV: development =======
2025-07-03 00:58:33 info: 🚀 App listening on the port 3000
2025-07-03 00:58:33 info: =================================
2025-07-03 00:58:46 info: =================================
2025-07-03 00:58:46 info: ======= ENV: development =======
2025-07-03 00:58:46 info: 🚀 App listening on the port 3000
2025-07-03 00:58:46 info: =================================
2025-07-03 00:58:56 error: [POST] /auth/login >> StatusCode:: 409, Message:: This username admin was not found
2025-07-03 00:58:56 info: [0mPOST /auth/login [33m409[0m 210.149 ms - 47[0m
2025-07-03 01:03:33 info: =================================
2025-07-03 01:03:33 info: ======= ENV: development =======
2025-07-03 01:03:33 info: 🚀 App listening on the port 3000
2025-07-03 01:03:33 info: =================================
2025-07-03 01:03:50 info: =================================
2025-07-03 01:03:50 info: ======= ENV: development =======
2025-07-03 01:03:50 info: 🚀 App listening on the port 3000
2025-07-03 01:03:50 info: =================================
2025-07-03 01:03:54 error: [POST] /auth/login >> StatusCode:: 500, Message:: Cannot destructure property 'token' of '(intermediate value)' as it is undefined.
2025-07-03 01:03:54 info: [0mPOST /auth/login [31m500[0m 504.802 ms - 95[0m
2025-07-03 01:05:09 info: =================================
2025-07-03 01:05:09 info: ======= ENV: development =======
2025-07-03 01:05:09 info: 🚀 App listening on the port 3000
2025-07-03 01:05:09 info: =================================
2025-07-03 01:05:17 error: [POST] /auth/login >> StatusCode:: 409, Message:: Password is not matching
2025-07-03 01:05:17 info: [0mPOST /auth/login [33m409[0m 79.535 ms - 38[0m
2025-07-03 01:07:06 info: =================================
2025-07-03 01:07:06 info: ======= ENV: development =======
2025-07-03 01:07:06 info: 🚀 App listening on the port 3000
2025-07-03 01:07:06 info: =================================
2025-07-03 01:07:56 info: [0mPOST /auth/login [32m200[0m 148.553 ms - 344[0m
2025-07-03 01:08:30 info: =================================
2025-07-03 01:08:30 info: ======= ENV: development =======
2025-07-03 01:08:30 info: 🚀 App listening on the port 3000
2025-07-03 01:08:30 info: =================================
2025-07-03 01:09:13 info: =================================
2025-07-03 01:09:13 info: ======= ENV: development =======
2025-07-03 01:09:13 info: 🚀 App listening on the port 3000
2025-07-03 01:09:13 info: =================================
2025-07-03 01:09:13 info: [0mPOST /auth/login [32m200[0m 159.865 ms - 278[0m
2025-07-03 01:09:46 error: [POST] /projects >> StatusCode:: 400, Message:: property username should not exist, property password should not exist, customer must be a string, well must be a string, uwi_sidetrack must be a string, equipment must be a string, section must be a string, ing_day must be a string, ing_night must be a string, start_date must be a Date instance, start_time must be a number conforming to the specified constraints, entry_depth must be a number conforming to the specified constraints
2025-07-03 01:09:46 info: [0mPOST /projects [33m400[0m 9.486 ms - 449[0m
2025-07-03 01:09:55 error: [POST] /projects >> StatusCode:: 500, Message:: Cannot read properties of undefined (reading 'constructor')
2025-07-03 01:09:55 info: [0mPOST /projects [31m500[0m 15.646 ms - 73[0m
2025-07-03 01:10:36 info: =================================
2025-07-03 01:10:36 info: ======= ENV: development =======
2025-07-03 01:10:36 info: 🚀 App listening on the port 3000
2025-07-03 01:10:36 info: =================================
2025-07-03 01:10:52 info: =================================
2025-07-03 01:10:52 info: ======= ENV: development =======
2025-07-03 01:10:52 info: 🚀 App listening on the port 3000
2025-07-03 01:10:52 info: =================================
2025-07-03 01:10:55 error: [POST] /projects >> StatusCode:: 500, Message:: Cannot read properties of undefined (reading 'constructor')
2025-07-03 01:10:55 info: [0mPOST /projects [31m500[0m 11.201 ms - 73[0m
2025-07-03 01:10:56 error: [POST] /projects >> StatusCode:: 500, Message:: Cannot read properties of undefined (reading 'constructor')
2025-07-03 01:10:56 info: [0mPOST /projects [31m500[0m 2.019 ms - 73[0m
2025-07-03 01:11:18 info: =================================
2025-07-03 01:11:18 info: ======= ENV: development =======
2025-07-03 01:11:18 info: 🚀 App listening on the port 3000
2025-07-03 01:11:18 info: =================================
2025-07-03 01:11:22 info: [0mPOST /projects [33m404[0m 10.042 ms - 148[0m
2025-07-03 01:11:32 info: =================================
2025-07-03 01:11:32 info: ======= ENV: development =======
2025-07-03 01:11:32 info: 🚀 App listening on the port 3000
2025-07-03 01:11:32 info: =================================
2025-07-03 01:11:33 error: [POST] /projects >> StatusCode:: 500, Message:: Cannot read properties of undefined (reading 'constructor')
2025-07-03 01:11:33 info: [0mPOST /projects [31m500[0m 17.799 ms - 73[0m
2025-07-03 01:11:52 info: =================================
2025-07-03 01:11:52 info: ======= ENV: development =======
2025-07-03 01:11:52 info: 🚀 App listening on the port 3000
2025-07-03 01:11:52 info: =================================
2025-07-03 01:13:41 info: =================================
2025-07-03 01:13:41 info: ======= ENV: development =======
2025-07-03 01:13:41 info: 🚀 App listening on the port 3000
2025-07-03 01:13:41 info: =================================
2025-07-03 01:14:08 info: =================================
2025-07-03 01:14:08 info: ======= ENV: development =======
2025-07-03 01:14:08 info: 🚀 App listening on the port 3000
2025-07-03 01:14:08 info: =================================
2025-07-03 01:14:09 error: [POST] /projects >> StatusCode:: 500, Message:: Cannot read properties of undefined (reading 'constructor')
2025-07-03 01:14:09 info: [0mPOST /projects [31m500[0m 15.631 ms - 73[0m
2025-07-03 01:14:10 error: [POST] /projects >> StatusCode:: 500, Message:: Cannot read properties of undefined (reading 'constructor')
2025-07-03 01:14:10 info: [0mPOST /projects [31m500[0m 3.157 ms - 73[0m
2025-07-03 01:14:28 info: =================================
2025-07-03 01:14:28 info: ======= ENV: development =======
2025-07-03 01:14:28 info: 🚀 App listening on the port 3000
2025-07-03 01:14:28 info: =================================
2025-07-03 01:14:28 error: [POST] /projects >> StatusCode:: 500, Message:: Cannot read properties of undefined (reading 'constructor')
2025-07-03 01:14:29 info: [0mPOST /projects [31m500[0m 10.864 ms - 73[0m
2025-07-03 01:15:58 info: =================================
2025-07-03 01:15:58 info: ======= ENV: development =======
2025-07-03 01:15:58 info: 🚀 App listening on the port 3000
2025-07-03 01:15:58 info: =================================
2025-07-03 01:16:00 error: [POST] /projects >> StatusCode:: 500, Message:: Cannot read properties of undefined (reading 'constructor')
2025-07-03 01:16:00 info: [0mPOST /projects [31m500[0m 26.054 ms - 73[0m
2025-07-03 01:16:01 error: [POST] /projects >> StatusCode:: 500, Message:: Cannot read properties of undefined (reading 'constructor')
2025-07-03 01:16:01 info: [0mPOST /projects [31m500[0m 3.005 ms - 73[0m
2025-07-03 01:17:23 info: =================================
2025-07-03 01:17:23 info: ======= ENV: development =======
2025-07-03 01:17:23 info: 🚀 App listening on the port 3000
2025-07-03 01:17:23 info: =================================
2025-07-03 01:17:57 info: =================================
2025-07-03 01:17:57 info: ======= ENV: development =======
2025-07-03 01:17:57 info: 🚀 App listening on the port 3000
2025-07-03 01:17:57 info: =================================
2025-07-03 01:18:02 error: [POST] /projects >> StatusCode:: 500, Message:: Cannot read properties of undefined (reading 'constructor')
2025-07-03 01:18:02 info: [0mPOST /projects [31m500[0m 11.971 ms - 73[0m
2025-07-03 01:18:03 error: [POST] /projects >> StatusCode:: 500, Message:: Cannot read properties of undefined (reading 'constructor')
2025-07-03 01:18:03 info: [0mPOST /projects [31m500[0m 3.628 ms - 73[0m
2025-07-03 01:20:28 info: =================================
2025-07-03 01:20:28 info: ======= ENV: development =======
2025-07-03 01:20:28 info: 🚀 App listening on the port 3000
2025-07-03 01:20:28 info: =================================
2025-07-03 01:20:36 error: [POST] /projects >> StatusCode:: 500, Message:: Cannot read properties of undefined (reading 'constructor')
2025-07-03 01:20:36 info: [0mPOST /projects [31m500[0m 16.721 ms - 73[0m
2025-07-03 01:20:38 error: [POST] /projects >> StatusCode:: 500, Message:: Cannot read properties of undefined (reading 'constructor')
2025-07-03 01:20:38 info: [0mPOST /projects [31m500[0m 2.242 ms - 73[0m
2025-07-03 01:21:05 info: =================================
2025-07-03 01:21:05 info: ======= ENV: development =======
2025-07-03 01:21:05 info: 🚀 App listening on the port 3000
2025-07-03 01:21:05 info: =================================
2025-07-03 01:21:06 error: [POST] /projects >> StatusCode:: 500, Message:: Cannot read properties of undefined (reading 'constructor')
2025-07-03 01:21:06 info: [0mPOST /projects [31m500[0m 12.927 ms - 73[0m
2025-07-03 01:21:07 error: [POST] /projects >> StatusCode:: 500, Message:: Cannot read properties of undefined (reading 'constructor')
2025-07-03 01:21:07 info: [0mPOST /projects [31m500[0m 3.143 ms - 73[0m
2025-07-03 01:21:09 error: [POST] /projects >> StatusCode:: 500, Message:: Cannot read properties of undefined (reading 'constructor')
2025-07-03 01:21:09 info: [0mPOST /projects [31m500[0m 2.363 ms - 73[0m
2025-07-03 01:21:20 info: =================================
2025-07-03 01:21:20 info: ======= ENV: development =======
2025-07-03 01:21:20 info: 🚀 App listening on the port 3000
2025-07-03 01:21:20 info: =================================
2025-07-03 01:21:21 error: [POST] /projects >> StatusCode:: 500, Message:: Cannot read properties of undefined (reading 'constructor')
2025-07-03 01:21:21 info: [0mPOST /projects [31m500[0m 11.628 ms - 73[0m
2025-07-03 01:21:23 error: [POST] /projects >> StatusCode:: 500, Message:: Cannot read properties of undefined (reading 'constructor')
2025-07-03 01:21:23 info: [0mPOST /projects [31m500[0m 24.185 ms - 73[0m
2025-07-03 01:21:34 info: =================================
2025-07-03 01:21:34 info: ======= ENV: development =======
2025-07-03 01:21:34 info: 🚀 App listening on the port 3000
2025-07-03 01:21:34 info: =================================
2025-07-03 01:21:54 info: =================================
2025-07-03 01:21:54 info: ======= ENV: development =======
2025-07-03 01:21:54 info: 🚀 App listening on the port 3000
2025-07-03 01:21:54 info: =================================
2025-07-03 01:21:58 error: [POST] /projects >> StatusCode:: 500, Message:: Cannot read properties of undefined (reading 'constructor')
2025-07-03 01:21:58 info: [0mPOST /projects [31m500[0m 15.677 ms - 73[0m
2025-07-03 01:28:07 info: =================================
2025-07-03 01:28:07 info: ======= ENV: development =======
2025-07-03 01:28:07 info: 🚀 App listening on the port 3000
2025-07-03 01:28:07 info: =================================
2025-07-03 01:28:07 error: [POST] /projects >> StatusCode:: 500, Message:: Cannot read properties of undefined (reading 'constructor')
2025-07-03 01:28:07 info: [0mPOST /projects [31m500[0m 16.198 ms - 73[0m
2025-07-03 01:28:09 error: [POST] /projects >> StatusCode:: 500, Message:: Cannot read properties of undefined (reading 'constructor')
2025-07-03 01:28:09 info: [0mPOST /projects [31m500[0m 2.144 ms - 73[0m
2025-07-03 01:28:10 error: [POST] /projects >> StatusCode:: 500, Message:: Cannot read properties of undefined (reading 'constructor')
2025-07-03 01:28:10 info: [0mPOST /projects [31m500[0m 1.925 ms - 73[0m
2025-07-03 01:28:35 info: =================================
2025-07-03 01:28:35 info: ======= ENV: development =======
2025-07-03 01:28:35 info: 🚀 App listening on the port 3000
2025-07-03 01:28:35 info: =================================
2025-07-03 01:28:58 error: [POST] /projects >> StatusCode:: 400, Message:: start_date must be a Date instance
2025-07-03 01:28:58 info: [0mPOST /projects [33m400[0m 46.301 ms - 48[0m
2025-07-03 01:30:29 info: =================================
2025-07-03 01:30:29 info: ======= ENV: development =======
2025-07-03 01:30:29 info: 🚀 App listening on the port 3000
2025-07-03 01:30:29 info: =================================
2025-07-03 01:30:54 info: [0mPOST /projects [0m-[0m - ms - -[0m
2025-07-03 01:30:57 info: [0mPOST /projects [0m-[0m - ms - -[0m
2025-07-03 01:31:10 info: =================================
2025-07-03 01:31:10 info: ======= ENV: development =======
2025-07-03 01:31:10 info: 🚀 App listening on the port 3000
2025-07-03 01:31:10 info: =================================
2025-07-03 01:31:16 info: =================================
2025-07-03 01:31:16 info: ======= ENV: development =======
2025-07-03 01:31:16 info: 🚀 App listening on the port 3000
2025-07-03 01:31:16 info: =================================
2025-07-03 01:31:56 info: =================================
2025-07-03 01:31:56 info: ======= ENV: development =======
2025-07-03 01:31:56 info: 🚀 App listening on the port 3000
2025-07-03 01:31:56 info: =================================
2025-07-03 01:32:02 info: =================================
2025-07-03 01:32:02 info: ======= ENV: development =======
2025-07-03 01:32:02 info: 🚀 App listening on the port 3000
2025-07-03 01:32:02 info: =================================
2025-07-03 01:32:03 error: [POST] /projects >> StatusCode:: 404, Message:: Authentication token missing
2025-07-03 01:32:03 info: [0mPOST /projects [33m404[0m 45.405 ms - 42[0m
2025-07-03 01:32:50 info: [0mPOST /auth/login [32m200[0m 167.456 ms - 278[0m
2025-07-03 01:33:10 error: [POST] /projects >> StatusCode:: 404, Message:: Authentication token missing
2025-07-03 01:33:10 info: [0mPOST /projects [33m404[0m 21.996 ms - 42[0m
2025-07-03 01:33:17 error: [POST] /projects >> StatusCode:: 400, Message:: property username should not exist, property password should not exist, customer must be a string, well must be a string, uwi_sidetrack must be a string, equipment must be a string, section must be a string, ing_day must be a string, ing_night must be a string, start_date must be a string, start_time must be a number conforming to the specified constraints, entry_depth must be a number conforming to the specified constraints
2025-07-03 01:33:17 info: [0mPOST /projects [33m400[0m 24.280 ms - 442[0m
2025-07-03 01:33:24 error: [POST] /projects >> StatusCode:: 500, Message:: Cannot read properties of undefined (reading 'constructor')
2025-07-03 01:33:24 info: [0mPOST /projects [31m500[0m 12.430 ms - 73[0m
